1618425962360	geckodriver	INFO	Listening on 127.0.0.1:55319
1618425965427	mozrunner::runner	INFO	Running command: "C:\\Program Files (x86)\\Mozilla Firefox\\firefox.exe" "--marionette" "-headless" "-foreground" "-no-remote" "-profile" "C:\\Users\\omorales\\AppData\\Local\\Temp\\rust_mozprofileAlAmL4"
*** You are running in headless mode.
console.warn: SearchSettings: "get: No settings file exists, new profile?" (new Error("", "(unknown module)"))
1618425966791	Marionette	INFO	Listening on port 55328
1618425966975	Marionette	WARN	TLS certificate errors will be ignored for this session
JavaScript warning: https://static.xx.fbcdn.net/rsrc.php/v3iSQW4/yT/l/es_ES/bbm9U7a_GUI.js?_nc_x=Ij3Wp8lg5Kz, line 170: unreachable code after return statement
JavaScript warning: https://static.xx.fbcdn.net/rsrc.php/v3i2_p4/yx/l/es_ES/KbAG6ZpPPOU.js?_nc_x=Ij3Wp8lg5Kz, line 21: Failed to create WebGL context: WebGL creation failed: 
* Can't use WebGL in headless mode (https://bugzil.la/1375585).
JavaScript warning: https://static.xx.fbcdn.net/rsrc.php/v3i2_p4/yx/l/es_ES/KbAG6ZpPPOU.js?_nc_x=Ij3Wp8lg5Kz, line 21: Failed to create WebGL context: WebGL creation failed: 
* Can't use WebGL in headless mode (https://bugzil.la/1375585).
JavaScript warning: https://static.xx.fbcdn.net/rsrc.php/v3iSQW4/yT/l/es_ES/bbm9U7a_GUI.js?_nc_x=Ij3Wp8lg5Kz, line 170: unreachable code after return statement
1618425973983	Marionette	INFO	Stopped listening on port 55328
JavaScript error: resource://gre/modules/Sqlite.jsm, line 1030: Error: Sqlite.jsm has been shutdown. Cannot open connection to: C:\Users\omorales\AppData\Local\Temp\rust_mozprofileAlAmL4\protections.sqlite
1618426035480	geckodriver	INFO	Listening on 127.0.0.1:55441
1618426038501	mozrunner::runner	INFO	Running command: "C:\\Program Files (x86)\\Mozilla Firefox\\firefox.exe" "--marionette" "-headless" "-foreground" "-no-remote" "-profile" "C:\\Users\\omorales\\AppData\\Local\\Temp\\rust_mozprofileB42DPB"
*** You are running in headless mode.
console.warn: SearchSettings: "get: No settings file exists, new profile?" (new Error("", "(unknown module)"))
1618426039806	Marionette	INFO	Listening on port 55449
1618426040048	Marionette	WARN	TLS certificate errors will be ignored for this session
JavaScript warning: https://static.xx.fbcdn.net/rsrc.php/v3iSQW4/yT/l/es_ES/bbm9U7a_GUI.js?_nc_x=Ij3Wp8lg5Kz, line 170: unreachable code after return statement
JavaScript warning: https://static.xx.fbcdn.net/rsrc.php/v3i2_p4/yx/l/es_ES/KbAG6ZpPPOU.js?_nc_x=Ij3Wp8lg5Kz, line 21: Failed to create WebGL context: WebGL creation failed: 
* Can't use WebGL in headless mode (https://bugzil.la/1375585).
JavaScript warning: https://static.xx.fbcdn.net/rsrc.php/v3i2_p4/yx/l/es_ES/KbAG6ZpPPOU.js?_nc_x=Ij3Wp8lg5Kz, line 21: Failed to create WebGL context: WebGL creation failed: 
* Can't use WebGL in headless mode (https://bugzil.la/1375585).
JavaScript warning: https://static.xx.fbcdn.net/rsrc.php/v3iSQW4/yT/l/es_ES/bbm9U7a_GUI.js?_nc_x=Ij3Wp8lg5Kz, line 170: unreachable code after return statement
1618426048468	Marionette	INFO	Stopped listening on port 55449
JavaScript error: resource://gre/modules/Sqlite.jsm, line 1030: Error: Sqlite.jsm has been shutdown. Cannot open connection to: C:\Users\omorales\AppData\Local\Temp\rust_mozprofileB42DPB\protections.sqlite
1618426165070	geckodriver	INFO	Listening on 127.0.0.1:55701
1618426168128	mozrunner::runner	INFO	Running command: "C:\\Program Files (x86)\\Mozilla Firefox\\firefox.exe" "--marionette" "-headless" "-foreground" "-no-remote" "-profile" "C:\\Users\\omorales\\AppData\\Local\\Temp\\rust_mozprofilem6RxDM"
*** You are running in headless mode.
console.warn: SearchSettings: "get: No settings file exists, new profile?" (new Error("", "(unknown module)"))
1618426169510	Marionette	INFO	Listening on port 55709
1618426169660	Marionette	WARN	TLS certificate errors will be ignored for this session
JavaScript warning: https://static.xx.fbcdn.net/rsrc.php/v3iSQW4/yT/l/es_ES/bbm9U7a_GUI.js?_nc_x=Ij3Wp8lg5Kz, line 170: unreachable code after return statement
JavaScript warning: https://static.xx.fbcdn.net/rsrc.php/v3i2_p4/yx/l/es_ES/KbAG6ZpPPOU.js?_nc_x=Ij3Wp8lg5Kz, line 21: Failed to create WebGL context: WebGL creation failed: 
* Can't use WebGL in headless mode (https://bugzil.la/1375585).
JavaScript warning: https://static.xx.fbcdn.net/rsrc.php/v3i2_p4/yx/l/es_ES/KbAG6ZpPPOU.js?_nc_x=Ij3Wp8lg5Kz, line 21: Failed to create WebGL context: WebGL creation failed: 
* Can't use WebGL in headless mode (https://bugzil.la/1375585).
JavaScript warning: https://static.xx.fbcdn.net/rsrc.php/v3iSQW4/yT/l/es_ES/bbm9U7a_GUI.js?_nc_x=Ij3Wp8lg5Kz, line 170: unreachable code after return statement
1618426177212	Marionette	INFO	Stopped listening on port 55709
JavaScript error: resource://gre/modules/Sqlite.jsm, line 1030: Error: Sqlite.jsm has been shutdown. Cannot open connection to: C:\Users\omorales\AppData\Local\Temp\rust_mozprofilem6RxDM\protections.sqlite
1618430390945	geckodriver	INFO	Listening on 127.0.0.1:59462
1618430393966	mozrunner::runner	INFO	Running command: "C:\\Program Files (x86)\\Mozilla Firefox\\firefox.exe" "--marionette" "-headless" "-foreground" "-no-remote" "-profile" "C:\\Users\\omorales\\AppData\\Local\\Temp\\rust_mozprofileEnaVlH"
*** You are running in headless mode.
console.warn: SearchSettings: "get: No settings file exists, new profile?" (new Error("", "(unknown module)"))
1618430395373	Marionette	INFO	Listening on port 59473
1618430395507	Marionette	WARN	TLS certificate errors will be ignored for this session
JavaScript warning: https://static.xx.fbcdn.net/rsrc.php/v3iSQW4/yT/l/es_ES/bbm9U7a_GUI.js?_nc_x=Ij3Wp8lg5Kz, line 170: unreachable code after return statement
JavaScript warning: https://static.xx.fbcdn.net/rsrc.php/v3i2_p4/yx/l/es_ES/KbAG6ZpPPOU.js?_nc_x=Ij3Wp8lg5Kz, line 21: Failed to create WebGL context: WebGL creation failed: 
* Can't use WebGL in headless mode (https://bugzil.la/1375585).
JavaScript warning: https://static.xx.fbcdn.net/rsrc.php/v3i2_p4/yx/l/es_ES/KbAG6ZpPPOU.js?_nc_x=Ij3Wp8lg5Kz, line 21: Failed to create WebGL context: WebGL creation failed: 
* Can't use WebGL in headless mode (https://bugzil.la/1375585).
JavaScript warning: https://static.xx.fbcdn.net/rsrc.php/v3iSQW4/yT/l/es_ES/bbm9U7a_GUI.js?_nc_x=Ij3Wp8lg5Kz, line 170: unreachable code after return statement
console.log: WebExtensions: reset-default-search: No addons in our list are installed.
ner	INFO	Running command: "C:\\Program Files (x86)\\Mozilla Firefox\\firefox.exe" "--marionette" "-headless" "-foreground" "-no-remote" "-profile" "C:\\Users\\omorales\\AppData\\Local\\Temp\\rust_mozprofileR6nRx1"
*** You are running in headless mode.
console.warn: SearchSettings: "get: No settings file exists, new profile?" (new Error("", "(unknown module)"))
1618430557866	Marionette	INFO	Listening on port 59603
1618430558098	Marionette	WARN	TLS certificate errors will be ignored for this session
JavaScript warning: https://static.xx.fbcdn.net/rsrc.php/v3iSQW4/yT/l/es_ES/bbm9U7a_GUI.js?_nc_x=Ij3Wp8lg5Kz, line 170: unreachable code after return statement
JavaScript warning: https://static.xx.fbcdn.net/rsrc.php/v3i2_p4/yx/l/es_ES/KbAG6ZpPPOU.js?_nc_x=Ij3Wp8lg5Kz, line 21: Failed to create WebGL context: WebGL creation failed: 
* Can't use WebGL in headless mode (https://bugzil.la/1375585).
JavaScript warning: https://static.xx.fbcdn.net/rsrc.php/v3i2_p4/yx/l/es_ES/KbAG6ZpPPOU.js?_nc_x=Ij3Wp8lg5Kz, line 21: Failed to create WebGL context: WebGL creation failed: 
* Can't use WebGL in headless mode (https://bugzil.la/1375585).
JavaScript warning: https://static.xx.fbcdn.net/rsrc.php/v3iSQW4/yT/l/es_ES/bbm9U7a_GUI.js?_nc_x=Ij3Wp8lg5Kz, line 170: unreachable code after return statement
1618430565587	Marionette	INFO	Stopped listening on port 59603
JavaScript error: resource://gre/modules/Sqlite.jsm, line 1030: Error: Sqlite.jsm has been shutdown. Cannot open connection to: C:\Users\omorales\AppData\Local\Temp\rust_mozprofileR6nRx1\protections.sqlite
1618430626745	geckodriver	INFO	Listening on 127.0.0.1:59703
1618430629805	mozrunner::runner	INFO	Running command: "C:\\Program Files (x86)\\Mozilla Firefox\\firefox.exe" "--marionette" "-headless" "-foreground" "-no-remote" "-profile" "C:\\Users\\omorales\\AppData\\Local\\Temp\\rust_mozprofileVMPCrO"
*** You are running in headless mode.
console.warn: SearchSettings: "get: No settings file exists, new profile?" (new Error("", "(unknown module)"))
1618430631300	Marionette	INFO	Listening on port 59711
1618430631351	Marionette	WARN	TLS certificate errors will be ignored for this session
JavaScript warning: https://static.xx.fbcdn.net/rsrc.php/v3iSQW4/yT/l/es_ES/bbm9U7a_GUI.js?_nc_x=Ij3Wp8lg5Kz, line 170: unreachable code after return statement
JavaScript warning: https://static.xx.fbcdn.net/rsrc.php/v3i2_p4/yx/l/es_ES/KbAG6ZpPPOU.js?_nc_x=Ij3Wp8lg5Kz, line 21: Failed to create WebGL context: WebGL creation failed: 
* Can't use WebGL in headless mode (https://bugzil.la/1375585).
JavaScript warning: https://static.xx.fbcdn.net/rsrc.php/v3i2_p4/yx/l/es_ES/KbAG6ZpPPOU.js?_nc_x=Ij3Wp8lg5Kz, line 21: Failed to create WebGL context: WebGL creation failed: 
* Can't use WebGL in headless mode (https://bugzil.la/1375585).
JavaScript warning: https://static.xx.fbcdn.net/rsrc.php/v3iSQW4/yT/l/es_ES/bbm9U7a_GUI.js?_nc_x=Ij3Wp8lg5Kz, line 170: unreachable code after return statement
1618430639117	Marionette	INFO	Stopped listening on port 59711
JavaScript error: resource://gre/modules/Sqlite.jsm, line 1030: Error: Sqlite.jsm has been shutdown. Cannot open connection to: C:\Users\omorales\AppData\Local\Temp\rust_mozprofileVMPCrO\protections.sqlite
1618430785304	geckodriver	INFO	Listening on 127.0.0.1:59836
1618430788355	mozrunner::runner	INFO	Running command: "C:\\Program Files (x86)\\Mozilla Firefox\\firefox.exe" "--marionette" "-headless" "-foreground" "-no-remote" "-profile" "C:\\Users\\omorales\\AppData\\Local\\Temp\\rust_mozprofileXLrjXz"
*** You are running in headless mode.
console.warn: SearchSettings: "get: No settings file exists, new profile?" (new Error("", "(unknown module)"))
1618430789716	Marionette	INFO	Listening on port 59850
1618430789890	Marionette	WARN	TLS certificate errors will be ignored for this session
JavaScript warning: https://static.xx.fbcdn.net/rsrc.php/v3iSQW4/yT/l/es_ES/bbm9U7a_GUI.js?_nc_x=Ij3Wp8lg5Kz, line 170: unreachable code after return statement
JavaScript warning: https://static.xx.fbcdn.net/rsrc.php/v3i2_p4/yx/l/es_ES/KbAG6ZpPPOU.js?_nc_x=Ij3Wp8lg5Kz, line 21: Failed to create WebGL context: WebGL creation failed: 
* Can't use WebGL in headless mode (https://bugzil.la/1375585).
JavaScript warning: https://static.xx.fbcdn.net/rsrc.php/v3i2_p4/yx/l/es_ES/KbAG6ZpPPOU.js?_nc_x=Ij3Wp8lg5Kz, line 21: Failed to create WebGL context: WebGL creation failed: 
* Can't use WebGL in headless mode (https://bugzil.la/1375585).
JavaScript warning: https://static.xx.fbcdn.net/rsrc.php/v3iSQW4/yT/l/es_ES/bbm9U7a_GUI.js?_nc_x=Ij3Wp8lg5Kz, line 170: unreachable code after return statement
console.log: WebExtensions: reset-default-search: No addons in our list are installed.
ner	INFO	Running command: "C:\\Program Files (x86)\\Mozilla Firefox\\firefox.exe" "--marionette" "-headless" "-foreground" "-no-remote" "-profile" "C:\\Users\\omorales\\AppData\\Local\\Temp\\rust_mozprofilepvk0Ya"
*** You are running in headless mode.
console.warn: SearchSettings: "get: No settings file exists, new profile?" (new Error("", "(unknown module)"))
1618430863805	Marionette	INFO	Listening on port 59972
1618430864042	Marionette	WARN	TLS certificate errors will be ignored for this session
JavaScript warning: https://static.xx.fbcdn.net/rsrc.php/v3iSQW4/yT/l/es_ES/bbm9U7a_GUI.js?_nc_x=Ij3Wp8lg5Kz, line 170: unreachable code after return statement
JavaScript warning: https://static.xx.fbcdn.net/rsrc.php/v3i2_p4/yx/l/es_ES/KbAG6ZpPPOU.js?_nc_x=Ij3Wp8lg5Kz, line 21: Failed to create WebGL context: WebGL creation failed: 
* Can't use WebGL in headless mode (https://bugzil.la/1375585).
JavaScript warning: https://static.xx.fbcdn.net/rsrc.php/v3i2_p4/yx/l/es_ES/KbAG6ZpPPOU.js?_nc_x=Ij3Wp8lg5Kz, line 21: Failed to create WebGL context: WebGL creation failed: 
* Can't use WebGL in headless mode (https://bugzil.la/1375585).
JavaScript warning: https://static.xx.fbcdn.net/rsrc.php/v3iSQW4/yT/l/es_ES/bbm9U7a_GUI.js?_nc_x=Ij3Wp8lg5Kz, line 170: unreachable code after return statement
console.log: WebExtensions: reset-default-search: No addons in our list are installed.
ner	INFO	Running command: "C:\\Program Files (x86)\\Mozilla Firefox\\firefox.exe" "--marionette" "-headless" "-foreground" "-no-remote" "-profile" "C:\\Users\\omorales\\AppData\\Local\\Temp\\rust_mozprofileglr9yb"
*** You are running in headless mode.
console.warn: SearchSettings: "get: No settings file exists, new profile?" (new Error("", "(unknown module)"))
1618431008350	Marionette	INFO	Listening on port 60103
1618431008555	Marionette	WARN	TLS certificate errors will be ignored for this session
JavaScript warning: https://static.xx.fbcdn.net/rsrc.php/v3iSQW4/yT/l/es_ES/bbm9U7a_GUI.js?_nc_x=Ij3Wp8lg5Kz, line 170: unreachable code after return statement
JavaScript warning: https://static.xx.fbcdn.net/rsrc.php/v3i2_p4/yx/l/es_ES/KbAG6ZpPPOU.js?_nc_x=Ij3Wp8lg5Kz, line 21: Failed to create WebGL context: WebGL creation failed: 
* Can't use WebGL in headless mode (https://bugzil.la/1375585).
JavaScript warning: https://static.xx.fbcdn.net/rsrc.php/v3i2_p4/yx/l/es_ES/KbAG6ZpPPOU.js?_nc_x=Ij3Wp8lg5Kz, line 21: Failed to create WebGL context: WebGL creation failed: 
* Can't use WebGL in headless mode (https://bugzil.la/1375585).
JavaScript warning: https://static.xx.fbcdn.net/rsrc.php/v3iSQW4/yT/l/es_ES/bbm9U7a_GUI.js?_nc_x=Ij3Wp8lg5Kz, line 170: unreachable code after return statement
1618431018904	Marionette	INFO	Stopped listening on port 60103
JavaScript error: resource://gre/modules/Sqlite.jsm, line 1030: Error: Sqlite.jsm has been shutdown. Cannot open connection to: C:\Users\omorales\AppData\Local\Temp\rust_mozprofileglr9yb\protections.sqlite
1618431463390	geckodriver	INFO	Listening on 127.0.0.1:60300
1618431466427	mozrunner::runner	INFO	Running command: "C:\\Program Files (x86)\\Mozilla Firefox\\firefox.exe" "--marionette" "-headless" "-foreground" "-no-remote" "-profile" "C:\\Users\\omorales\\AppData\\Local\\Temp\\rust_mozprofileUQSOUm"
*** You are running in headless mode.
console.warn: SearchSettings: "get: No settings file exists, new profile?" (new Error("", "(unknown module)"))
1618431467833	Marionette	INFO	Listening on port 60309
1618431467975	Marionette	WARN	TLS certificate errors will be ignored for this session
JavaScript warning: https://static.xx.fbcdn.net/rsrc.php/v3iSQW4/yT/l/es_ES/bbm9U7a_GUI.js?_nc_x=Ij3Wp8lg5Kz, line 170: unreachable code after return statement
JavaScript warning: https://static.xx.fbcdn.net/rsrc.php/v3i2_p4/yx/l/es_ES/KbAG6ZpPPOU.js?_nc_x=Ij3Wp8lg5Kz, line 21: Failed to create WebGL context: WebGL creation failed: 
* Can't use WebGL in headless mode (https://bugzil.la/1375585).
JavaScript warning: https://static.xx.fbcdn.net/rsrc.php/v3i2_p4/yx/l/es_ES/KbAG6ZpPPOU.js?_nc_x=Ij3Wp8lg5Kz, line 21: Failed to create WebGL context: WebGL creation failed: 
* Can't use WebGL in headless mode (https://bugzil.la/1375585).
JavaScript warning: https://static.xx.fbcdn.net/rsrc.php/v3iSQW4/yT/l/es_ES/bbm9U7a_GUI.js?_nc_x=Ij3Wp8lg5Kz, line 170: unreachable code after return statement
console.log: WebExtensions: reset-default-search: No addons in our list are installed.
ner	INFO	Running command: "C:\\Program Files (x86)\\Mozilla Firefox\\firefox.exe" "--marionette" "-headless" "-foreground" "-no-remote" "-profile" "C:\\Users\\omorales\\AppData\\Local\\Temp\\rust_mozprofileWnh0c5"
*** You are running in headless mode.
console.warn: SearchSettings: "get: No settings file exists, new profile?" (new Error("", "(unknown module)"))
1618431530056	Marionette	INFO	Listening on port 60435
1618431530089	Marionette	WARN	TLS certificate errors will be ignored for this session
JavaScript warning: https://static.xx.fbcdn.net/rsrc.php/v3iSQW4/yT/l/es_ES/bbm9U7a_GUI.js?_nc_x=Ij3Wp8lg5Kz, line 170: unreachable code after return statement
JavaScript warning: https://static.xx.fbcdn.net/rsrc.php/v3i2_p4/yx/l/es_ES/KbAG6ZpPPOU.js?_nc_x=Ij3Wp8lg5Kz, line 21: Failed to create WebGL context: WebGL creation failed: 
* Can't use WebGL in headless mode (https://bugzil.la/1375585).
JavaScript warning: https://static.xx.fbcdn.net/rsrc.php/v3i2_p4/yx/l/es_ES/KbAG6ZpPPOU.js?_nc_x=Ij3Wp8lg5Kz, line 21: Failed to create WebGL context: WebGL creation failed: 
* Can't use WebGL in headless mode (https://bugzil.la/1375585).
JavaScript warning: https://static.xx.fbcdn.net/rsrc.php/v3iSQW4/yT/l/es_ES/bbm9U7a_GUI.js?_nc_x=Ij3Wp8lg5Kz, line 170: unreachable code after return statement
console.log: WebExtensions: reset-default-search: No addons in our list are installed.
ner	INFO	Running command: "C:\\Program Files (x86)\\Mozilla Firefox\\firefox.exe" "--marionette" "-headless" "-foreground" "-no-remote" "-profile" "C:\\Users\\omorales\\AppData\\Local\\Temp\\rust_mozprofilesIMWDf"
*** You are running in headless mode.
console.warn: SearchSettings: "get: No settings file exists, new profile?" (new Error("", "(unknown module)"))
1618431872803	Marionette	INFO	Listening on port 60649
1618431873024	Marionette	WARN	TLS certificate errors will be ignored for this session
JavaScript warning: https://static.xx.fbcdn.net/rsrc.php/v3iSQW4/yT/l/es_ES/bbm9U7a_GUI.js?_nc_x=Ij3Wp8lg5Kz, line 170: unreachable code after return statement
JavaScript warning: https://static.xx.fbcdn.net/rsrc.php/v3i2_p4/yx/l/es_ES/KbAG6ZpPPOU.js?_nc_x=Ij3Wp8lg5Kz, line 21: Failed to create WebGL context: WebGL creation failed: 
* Can't use WebGL in headless mode (https://bugzil.la/1375585).
JavaScript warning: https://static.xx.fbcdn.net/rsrc.php/v3i2_p4/yx/l/es_ES/KbAG6ZpPPOU.js?_nc_x=Ij3Wp8lg5Kz, line 21: Failed to create WebGL context: WebGL creation failed: 
* Can't use WebGL in headless mode (https://bugzil.la/1375585).
JavaScript warning: https://static.xx.fbcdn.net/rsrc.php/v3iSQW4/yT/l/es_ES/bbm9U7a_GUI.js?_nc_x=Ij3Wp8lg5Kz, line 170: unreachable code after return statement
console.log: WebExtensions: reset-default-search: No addons in our list are installed.
ner	INFO	Running command: "C:\\Program Files (x86)\\Mozilla Firefox\\firefox.exe" "--marionette" "-headless" "-foreground" "-no-remote" "-profile" "C:\\Users\\omorales\\AppData\\Local\\Temp\\rust_mozprofileqMDDl1"
*** You are running in headless mode.
console.warn: SearchSettings: "get: No settings file exists, new profile?" (new Error("", "(unknown module)"))
1618431954562	Marionette	INFO	Listening on port 60761
1618431954706	Marionette	WARN	TLS certificate errors will be ignored for this session
JavaScript warning: https://static.xx.fbcdn.net/rsrc.php/v3iSQW4/yT/l/es_ES/bbm9U7a_GUI.js?_nc_x=Ij3Wp8lg5Kz, line 170: unreachable code after return statement
JavaScript warning: https://static.xx.fbcdn.net/rsrc.php/v3i2_p4/yx/l/es_ES/KbAG6ZpPPOU.js?_nc_x=Ij3Wp8lg5Kz, line 21: Failed to create WebGL context: WebGL creation failed: 
* Can't use WebGL in headless mode (https://bugzil.la/1375585).
JavaScript warning: https://static.xx.fbcdn.net/rsrc.php/v3i2_p4/yx/l/es_ES/KbAG6ZpPPOU.js?_nc_x=Ij3Wp8lg5Kz, line 21: Failed to create WebGL context: WebGL creation failed: 
* Can't use WebGL in headless mode (https://bugzil.la/1375585).
JavaScript warning: https://static.xx.fbcdn.net/rsrc.php/v3iSQW4/yT/l/es_ES/bbm9U7a_GUI.js?_nc_x=Ij3Wp8lg5Kz, line 170: unreachable code after return statement
console.log: WebExtensions: reset-default-search: No addons in our list are installed.
ner	INFO	Running command: "C:\\Program Files (x86)\\Mozilla Firefox\\firefox.exe" "--marionette" "-headless" "-foreground" "-no-remote" "-profile" "C:\\Users\\omorales\\AppData\\Local\\Temp\\rust_mozprofileeke5VY"
*** You are running in headless mode.
console.warn: SearchSettings: "get: No settings file exists, new profile?" (new Error("", "(unknown module)"))
1618432071673	Marionette	INFO	Listening on port 60896
1618432071831	Marionette	WARN	TLS certificate errors will be ignored for this session
JavaScript warning: https://static.xx.fbcdn.net/rsrc.php/v3iSQW4/yT/l/es_ES/bbm9U7a_GUI.js?_nc_x=Ij3Wp8lg5Kz, line 170: unreachable code after return statement
JavaScript warning: https://static.xx.fbcdn.net/rsrc.php/v3i2_p4/yx/l/es_ES/KbAG6ZpPPOU.js?_nc_x=Ij3Wp8lg5Kz, line 21: Failed to create WebGL context: WebGL creation failed: 
* Can't use WebGL in headless mode (https://bugzil.la/1375585).
JavaScript warning: https://static.xx.fbcdn.net/rsrc.php/v3i2_p4/yx/l/es_ES/KbAG6ZpPPOU.js?_nc_x=Ij3Wp8lg5Kz, line 21: Failed to create WebGL context: WebGL creation failed: 
* Can't use WebGL in headless mode (https://bugzil.la/1375585).
JavaScript warning: https://static.xx.fbcdn.net/rsrc.php/v3iSQW4/yT/l/es_ES/bbm9U7a_GUI.js?_nc_x=Ij3Wp8lg5Kz, line 170: unreachable code after return statement
1618432081589	Marionette	INFO	Stopped listening on port 60896
JavaScript error: resource://gre/modules/Sqlite.jsm, line 1030: Error: Sqlite.jsm has been shutdown. Cannot open connection to: C:\Users\omorales\AppData\Local\Temp\rust_mozprofileeke5VY\protections.sqlite
1618432242141	geckodriver	INFO	Listening on 127.0.0.1:61012
1618432245187	mozrunner::runner	INFO	Running command: "C:\\Program Files (x86)\\Mozilla Firefox\\firefox.exe" "--marionette" "-headless" "-foreground" "-no-remote" "-profile" "C:\\Users\\omorales\\AppData\\Local\\Temp\\rust_mozprofile59OnBL"
*** You are running in headless mode.
console.warn: SearchSettings: "get: No settings file exists, new profile?" (new Error("", "(unknown module)"))
1618432246560	Marionette	INFO	Listening on port 61020
1618432246735	Marionette	WARN	TLS certificate errors will be ignored for this session
JavaScript warning: https://static.xx.fbcdn.net/rsrc.php/v3iSQW4/yT/l/es_ES/bbm9U7a_GUI.js?_nc_x=Ij3Wp8lg5Kz, line 170: unreachable code after return statement
JavaScript warning: https://static.xx.fbcdn.net/rsrc.php/v3i2_p4/yx/l/es_ES/KbAG6ZpPPOU.js?_nc_x=Ij3Wp8lg5Kz, line 21: Failed to create WebGL context: WebGL creation failed: 
* Can't use WebGL in headless mode (https://bugzil.la/1375585).
JavaScript warning: https://static.xx.fbcdn.net/rsrc.php/v3i2_p4/yx/l/es_ES/KbAG6ZpPPOU.js?_nc_x=Ij3Wp8lg5Kz, line 21: Failed to create WebGL context: WebGL creation failed: 
* Can't use WebGL in headless mode (https://bugzil.la/1375585).
JavaScript warning: https://static.xx.fbcdn.net/rsrc.php/v3iSQW4/yT/l/es_ES/bbm9U7a_GUI.js?_nc_x=Ij3Wp8lg5Kz, line 170: unreachable code after return statement
1618432256725	Marionette	INFO	Stopped listening on port 61020
JavaScript error: resource://gre/modules/Sqlite.jsm, line 1030: Error: Sqlite.jsm has been shutdown. Cannot open connection to: C:\Users\omorales\AppData\Local\Temp\rust_mozprofile59OnBL\protections.sqlite
1618432697226	geckodriver	INFO	Listening on 127.0.0.1:58730
1618432700264	mozrunner::runner	INFO	Running command: "C:\\Program Files (x86)\\Mozilla Firefox\\firefox.exe" "--marionette" "-headless" "-foreground" "-no-remote" "-profile" "C:\\Users\\omorales\\AppData\\Local\\Temp\\rust_mozprofileNuXutA"
*** You are running in headless mode.
console.warn: SearchSettings: "get: No settings file exists, new profile?" (new Error("", "(unknown module)"))
1618432701544	Marionette	INFO	Listening on port 58738
1618432701809	Marionette	WARN	TLS certificate errors will be ignored for this session
JavaScript warning: https://static.xx.fbcdn.net/rsrc.php/v3iSQW4/yT/l/es_ES/bbm9U7a_GUI.js?_nc_x=Ij3Wp8lg5Kz, line 170: unreachable code after return statement
JavaScript warning: https://static.xx.fbcdn.net/rsrc.php/v3i2_p4/yx/l/es_ES/KbAG6ZpPPOU.js?_nc_x=Ij3Wp8lg5Kz, line 21: Failed to create WebGL context: WebGL creation failed: 
* Can't use WebGL in headless mode (https://bugzil.la/1375585).
JavaScript warning: https://static.xx.fbcdn.net/rsrc.php/v3i2_p4/yx/l/es_ES/KbAG6ZpPPOU.js?_nc_x=Ij3Wp8lg5Kz, line 21: Failed to create WebGL context: WebGL creation failed: 
* Can't use WebGL in headless mode (https://bugzil.la/1375585).
JavaScript warning: https://static.xx.fbcdn.net/rsrc.php/v3iSQW4/yT/l/es_ES/bbm9U7a_GUI.js?_nc_x=Ij3Wp8lg5Kz, line 170: unreachable code after return statement
1618432711810	Marionette	INFO	Stopped listening on port 58738
JavaScript error: resource://gre/modules/Sqlite.jsm, line 1030: Error: Sqlite.jsm has been shutdown. Cannot open connection to: C:\Users\omorales\AppData\Local\Temp\rust_mozprofileNuXutA\protections.sqlite
1618432950168	geckodriver	INFO	Listening on 127.0.0.1:58926
1618432953239	mozrunner::runner	INFO	Running command: "C:\\Program Files (x86)\\Mozilla Firefox\\firefox.exe" "--marionette" "-headless" "-foreground" "-no-remote" "-profile" "C:\\Users\\omorales\\AppData\\Local\\Temp\\rust_mozprofileygIe4E"
*** You are running in headless mode.
console.warn: SearchSettings: "get: No settings file exists, new profile?" (new Error("", "(unknown module)"))
1618432954563	Marionette	INFO	Listening on port 58936
1618432954777	Marionette	WARN	TLS certificate errors will be ignored for this session
JavaScript warning: https://static.xx.fbcdn.net/rsrc.php/v3iSQW4/yT/l/es_ES/bbm9U7a_GUI.js?_nc_x=Ij3Wp8lg5Kz, line 170: unreachable code after return statement
JavaScript warning: https://static.xx.fbcdn.net/rsrc.php/v3i2_p4/yx/l/es_ES/KbAG6ZpPPOU.js?_nc_x=Ij3Wp8lg5Kz, line 21: Failed to create WebGL context: WebGL creation failed: 
* Can't use WebGL in headless mode (https://bugzil.la/1375585).
JavaScript warning: https://static.xx.fbcdn.net/rsrc.php/v3i2_p4/yx/l/es_ES/KbAG6ZpPPOU.js?_nc_x=Ij3Wp8lg5Kz, line 21: Failed to create WebGL context: WebGL creation failed: 
* Can't use WebGL in headless mode (https://bugzil.la/1375585).
JavaScript warning: https://static.xx.fbcdn.net/rsrc.php/v3iSQW4/yT/l/es_ES/bbm9U7a_GUI.js?_nc_x=Ij3Wp8lg5Kz, line 170: unreachable code after return statement
1618432962787	Marionette	INFO	Stopped listening on port 58936
JavaScript error: resource://gre/modules/Sqlite.jsm, line 1030: Error: Sqlite.jsm has been shutdown. Cannot open connection to: C:\Users\omorales\AppData\Local\Temp\rust_mozprofileygIe4E\protections.sqlite
1618433004522	geckodriver	INFO	Listening on 127.0.0.1:59053
1618433007593	mozrunner::runner	INFO	Running command: "C:\\Program Files (x86)\\Mozilla Firefox\\firefox.exe" "--marionette" "-headless" "-foreground" "-no-remote" "-profile" "C:\\Users\\omorales\\AppData\\Local\\Temp\\rust_mozprofileEBf8UN"
*** You are running in headless mode.
console.warn: SearchSettings: "get: No settings file exists, new profile?" (new Error("", "(unknown module)"))
1618433008933	Marionette	INFO	Listening on port 59063
1618433009129	Marionette	WARN	TLS certificate errors will be ignored for this session
JavaScript warning: https://static.xx.fbcdn.net/rsrc.php/v3iSQW4/yT/l/es_ES/bbm9U7a_GUI.js?_nc_x=Ij3Wp8lg5Kz, line 170: unreachable code after return statement
JavaScript warning: https://static.xx.fbcdn.net/rsrc.php/v3i2_p4/yx/l/es_ES/KbAG6ZpPPOU.js?_nc_x=Ij3Wp8lg5Kz, line 21: Failed to create WebGL context: WebGL creation failed: 
* Can't use WebGL in headless mode (https://bugzil.la/1375585).
JavaScript warning: https://static.xx.fbcdn.net/rsrc.php/v3i2_p4/yx/l/es_ES/KbAG6ZpPPOU.js?_nc_x=Ij3Wp8lg5Kz, line 21: Failed to create WebGL context: WebGL creation failed: 
* Can't use WebGL in headless mode (https://bugzil.la/1375585).
JavaScript warning: https://static.xx.fbcdn.net/rsrc.php/v3iSQW4/yT/l/es_ES/bbm9U7a_GUI.js?_nc_x=Ij3Wp8lg5Kz, line 170: unreachable code after return statement
1618433017152	Marionette	INFO	Stopped listening on port 59063
JavaScript error: resource://gre/modules/Sqlite.jsm, line 1030: Error: Sqlite.jsm has been shutdown. Cannot open connection to: C:\Users\omorales\AppData\Local\Temp\rust_mozprofileEBf8UN\protections.sqlite
1618433116229	geckodriver	INFO	Listening on 127.0.0.1:59207
1618433119268	mozrunner::runner	INFO	Running command: "C:\\Program Files (x86)\\Mozilla Firefox\\firefox.exe" "--marionette" "-headless" "-foreground" "-no-remote" "-profile" "C:\\Users\\omorales\\AppData\\Local\\Temp\\rust_mozprofile3Ktd2Y"
*** You are running in headless mode.
console.warn: SearchSettings: "get: No settings file exists, new profile?" (new Error("", "(unknown module)"))
1618433120550	Marionette	INFO	Listening on port 59218
1618433120802	Marionette	WARN	TLS certificate errors will be ignored for this session
JavaScript warning: https://static.xx.fbcdn.net/rsrc.php/v3iSQW4/yT/l/es_ES/bbm9U7a_GUI.js?_nc_x=Ij3Wp8lg5Kz, line 170: unreachable code after return statement
JavaScript warning: https://static.xx.fbcdn.net/rsrc.php/v3i2_p4/yx/l/es_ES/KbAG6ZpPPOU.js?_nc_x=Ij3Wp8lg5Kz, line 21: Failed to create WebGL context: WebGL creation failed: 
* Can't use WebGL in headless mode (https://bugzil.la/1375585).
JavaScript warning: https://static.xx.fbcdn.net/rsrc.php/v3i2_p4/yx/l/es_ES/KbAG6ZpPPOU.js?_nc_x=Ij3Wp8lg5Kz, line 21: Failed to create WebGL context: WebGL creation failed: 
* Can't use WebGL in headless mode (https://bugzil.la/1375585).
JavaScript warning: https://static.xx.fbcdn.net/rsrc.php/v3iSQW4/yT/l/es_ES/bbm9U7a_GUI.js?_nc_x=Ij3Wp8lg5Kz, line 170: unreachable code after return statement
1618433128571	Marionette	INFO	Stopped listening on port 59218
JavaScript error: resource://gre/modules/Sqlite.jsm, line 1030: Error: Sqlite.jsm has been shutdown. Cannot open connection to: C:\Users\omorales\AppData\Local\Temp\rust_mozprofile3Ktd2Y\protections.sqlite
1618433252824	geckodriver	INFO	Listening on 127.0.0.1:59376
1618433255881	mozrunner::runner	INFO	Running command: "C:\\Program Files (x86)\\Mozilla Firefox\\firefox.exe" "--marionette" "-headless" "-foreground" "-no-remote" "-profile" "C:\\Users\\omorales\\AppData\\Local\\Temp\\rust_mozprofiletxYdLC"
*** You are running in headless mode.
console.warn: SearchSettings: "get: No settings file exists, new profile?" (new Error("", "(unknown module)"))
1618433257254	Marionette	INFO	Listening on port 59384
1618433257444	Marionette	WARN	TLS certificate errors will be ignored for this session
JavaScript warning: https://static.xx.fbcdn.net/rsrc.php/v3iSQW4/yT/l/es_ES/bbm9U7a_GUI.js?_nc_x=Ij3Wp8lg5Kz, line 170: unreachable code after return statement
JavaScript warning: https://static.xx.fbcdn.net/rsrc.php/v3i2_p4/yx/l/es_ES/KbAG6ZpPPOU.js?_nc_x=Ij3Wp8lg5Kz, line 21: Failed to create WebGL context: WebGL creation failed: 
* Can't use WebGL in headless mode (https://bugzil.la/1375585).
JavaScript warning: https://static.xx.fbcdn.net/rsrc.php/v3i2_p4/yx/l/es_ES/KbAG6ZpPPOU.js?_nc_x=Ij3Wp8lg5Kz, line 21: Failed to create WebGL context: WebGL creation failed: 
* Can't use WebGL in headless mode (https://bugzil.la/1375585).
JavaScript warning: https://static.xx.fbcdn.net/rsrc.php/v3iSQW4/yT/l/es_ES/bbm9U7a_GUI.js?_nc_x=Ij3Wp8lg5Kz, line 170: unreachable code after return statement
1618433267007	Marionette	INFO	Stopped listening on port 59384
JavaScript error: resource://gre/modules/Sqlite.jsm, line 1030: Error: Sqlite.jsm has been shutdown. Cannot open connection to: C:\Users\omorales\AppData\Local\Temp\rust_mozprofiletxYdLC\protections.sqlite
1618433377152	geckodriver	INFO	Listening on 127.0.0.1:59756
1618433380191	mozrunner::runner	INFO	Running command: "C:\\Program Files (x86)\\Mozilla Firefox\\firefox.exe" "--marionette" "-headless" "-foreground" "-no-remote" "-profile" "C:\\Users\\omorales\\AppData\\Local\\Temp\\rust_mozprofile8dfOu1"
*** You are running in headless mode.
console.warn: SearchSettings: "get: No settings file exists, new profile?" (new Error("", "(unknown module)"))
1618433381691	Marionette	INFO	Listening on port 59764
1618433381723	Marionette	WARN	TLS certificate errors will be ignored for this session
JavaScript warning: https://static.xx.fbcdn.net/rsrc.php/v3iSQW4/yT/l/es_ES/bbm9U7a_GUI.js?_nc_x=Ij3Wp8lg5Kz, line 170: unreachable code after return statement
JavaScript warning: https://static.xx.fbcdn.net/rsrc.php/v3i2_p4/yx/l/es_ES/KbAG6ZpPPOU.js?_nc_x=Ij3Wp8lg5Kz, line 21: Failed to create WebGL context: WebGL creation failed: 
* Can't use WebGL in headless mode (https://bugzil.la/1375585).
JavaScript warning: https://static.xx.fbcdn.net/rsrc.php/v3i2_p4/yx/l/es_ES/KbAG6ZpPPOU.js?_nc_x=Ij3Wp8lg5Kz, line 21: Failed to create WebGL context: WebGL creation failed: 
* Can't use WebGL in headless mode (https://bugzil.la/1375585).
JavaScript warning: https://static.xx.fbcdn.net/rsrc.php/v3iSQW4/yT/l/es_ES/bbm9U7a_GUI.js?_nc_x=Ij3Wp8lg5Kz, line 170: unreachable code after return statement
1618433389703	Marionette	INFO	Stopped listening on port 59764
JavaScript error: resource://gre/modules/Sqlite.jsm, line 1030: Error: Sqlite.jsm has been shutdown. Cannot open connection to: C:\Users\omorales\AppData\Local\Temp\rust_mozprofile8dfOu1\protections.sqlite
1618433551619	geckodriver	INFO	Listening on 127.0.0.1:59969
1618433554655	mozrunner::runner	INFO	Running command: "C:\\Program Files (x86)\\Mozilla Firefox\\firefox.exe" "--marionette" "-headless" "-foreground" "-no-remote" "-profile" "C:\\Users\\omorales\\AppData\\Local\\Temp\\rust_mozprofileRachN9"
*** You are running in headless mode.
console.warn: SearchSettings: "get: No settings file exists, new profile?" (new Error("", "(unknown module)"))
1618433556024	Marionette	INFO	Listening on port 59997
1618433556187	Marionette	WARN	TLS certificate errors will be ignored for this session
JavaScript warning: https://static.xx.fbcdn.net/rsrc.php/v3iSQW4/yT/l/es_ES/bbm9U7a_GUI.js?_nc_x=Ij3Wp8lg5Kz, line 170: unreachable code after return statement
JavaScript warning: https://static.xx.fbcdn.net/rsrc.php/v3i2_p4/yx/l/es_ES/KbAG6ZpPPOU.js?_nc_x=Ij3Wp8lg5Kz, line 21: Failed to create WebGL context: WebGL creation failed: 
* Can't use WebGL in headless mode (https://bugzil.la/1375585).
JavaScript warning: https://static.xx.fbcdn.net/rsrc.php/v3i2_p4/yx/l/es_ES/KbAG6ZpPPOU.js?_nc_x=Ij3Wp8lg5Kz, line 21: Failed to create WebGL context: WebGL creation failed: 
* Can't use WebGL in headless mode (https://bugzil.la/1375585).
JavaScript warning: https://static.xx.fbcdn.net/rsrc.php/v3iSQW4/yT/l/es_ES/bbm9U7a_GUI.js?_nc_x=Ij3Wp8lg5Kz, line 170: unreachable code after return statement
1618433565133	Marionette	INFO	Stopped listening on port 59997
JavaScript error: resource://gre/modules/Sqlite.jsm, line 1030: Error: Sqlite.jsm has been shutdown. Cannot open connection to: C:\Users\omorales\AppData\Local\Temp\rust_mozprofileRachN9\protections.sqlite
1618433589951	geckodriver	INFO	Listening on 127.0.0.1:60112
1618433592945	mozrunner::runner	INFO	Running command: "C:\\Program Files (x86)\\Mozilla Firefox\\firefox.exe" "--marionette" "-headless" "-foreground" "-no-remote" "-profile" "C:\\Users\\omorales\\AppData\\Local\\Temp\\rust_mozprofilezSZPJr"
*** You are running in headless mode.
console.warn: SearchSettings: "get: No settings file exists, new profile?" (new Error("", "(unknown module)"))
1618433594259	Marionette	INFO	Listening on port 60121
1618433594512	Marionette	WARN	TLS certificate errors will be ignored for this session
JavaScript warning: https://static.xx.fbcdn.net/rsrc.php/v3iSQW4/yT/l/es_ES/bbm9U7a_GUI.js?_nc_x=Ij3Wp8lg5Kz, line 170: unreachable code after return statement
JavaScript warning: https://static.xx.fbcdn.net/rsrc.php/v3i2_p4/yx/l/es_ES/KbAG6ZpPPOU.js?_nc_x=Ij3Wp8lg5Kz, line 21: Failed to create WebGL context: WebGL creation failed: 
* Can't use WebGL in headless mode (https://bugzil.la/1375585).
JavaScript warning: https://static.xx.fbcdn.net/rsrc.php/v3i2_p4/yx/l/es_ES/KbAG6ZpPPOU.js?_nc_x=Ij3Wp8lg5Kz, line 21: Failed to create WebGL context: WebGL creation failed: 
* Can't use WebGL in headless mode (https://bugzil.la/1375585).
JavaScript warning: https://static.xx.fbcdn.net/rsrc.php/v3iSQW4/yT/l/es_ES/bbm9U7a_GUI.js?_nc_x=Ij3Wp8lg5Kz, line 170: unreachable code after return statement
1618433604646	Marionette	INFO	Stopped listening on port 60121
JavaScript error: resource://gre/modules/Sqlite.jsm, line 1030: Error: Sqlite.jsm has been shutdown. Cannot open connection to: C:\Users\omorales\AppData\Local\Temp\rust_mozprofilezSZPJr\protections.sqlite
1618434457570	geckodriver	INFO	Listening on 127.0.0.1:60636
1618434460605	mozrunner::runner	INFO	Running command: "C:\\Program Files (x86)\\Mozilla Firefox\\firefox.exe" "--marionette" "-headless" "-foreground" "-no-remote" "-profile" "C:\\Users\\omorales\\AppData\\Local\\Temp\\rust_mozprofileO9PeL7"
*** You are running in headless mode.
console.warn: SearchSettings: "get: No settings file exists, new profile?" (new Error("", "(unknown module)"))
1618434461929	Marionette	INFO	Listening on port 60646
1618434462136	Marionette	WARN	TLS certificate errors will be ignored for this session
JavaScript warning: https://static.xx.fbcdn.net/rsrc.php/v3iSQW4/yT/l/es_ES/bbm9U7a_GUI.js?_nc_x=Ij3Wp8lg5Kz, line 170: unreachable code after return statement
JavaScript warning: https://static.xx.fbcdn.net/rsrc.php/v3i2_p4/yx/l/es_ES/KbAG6ZpPPOU.js?_nc_x=Ij3Wp8lg5Kz, line 21: Failed to create WebGL context: WebGL creation failed: 
* Can't use WebGL in headless mode (https://bugzil.la/1375585).
JavaScript warning: https://static.xx.fbcdn.net/rsrc.php/v3i2_p4/yx/l/es_ES/KbAG6ZpPPOU.js?_nc_x=Ij3Wp8lg5Kz, line 21: Failed to create WebGL context: WebGL creation failed: 
* Can't use WebGL in headless mode (https://bugzil.la/1375585).
JavaScript warning: https://static.xx.fbcdn.net/rsrc.php/v3iSQW4/yT/l/es_ES/bbm9U7a_GUI.js?_nc_x=Ij3Wp8lg5Kz, line 170: unreachable code after return statement
console.log: WebExtensions: reset-default-search: No addons in our list are installed.
ner	INFO	Running command: "C:\\Program Files (x86)\\Mozilla Firefox\\firefox.exe" "--marionette" "-headless" "-foreground" "-no-remote" "-profile" "C:\\Users\\omorales\\AppData\\Local\\Temp\\rust_mozprofileIqk9Nt"
*** You are running in headless mode.
console.warn: SearchSettings: "get: No settings file exists, new profile?" (new Error("", "(unknown module)"))
1618434496391	Marionette	INFO	Listening on port 60820
1618434496568	Marionette	WARN	TLS certificate errors will be ignored for this session
JavaScript warning: https://static.xx.fbcdn.net/rsrc.php/v3iSQW4/yT/l/es_ES/bbm9U7a_GUI.js?_nc_x=Ij3Wp8lg5Kz, line 170: unreachable code after return statement
JavaScript warning: https://static.xx.fbcdn.net/rsrc.php/v3i2_p4/yx/l/es_ES/KbAG6ZpPPOU.js?_nc_x=Ij3Wp8lg5Kz, line 21: Failed to create WebGL context: WebGL creation failed: 
* Can't use WebGL in headless mode (https://bugzil.la/1375585).
JavaScript warning: https://static.xx.fbcdn.net/rsrc.php/v3i2_p4/yx/l/es_ES/KbAG6ZpPPOU.js?_nc_x=Ij3Wp8lg5Kz, line 21: Failed to create WebGL context: WebGL creation failed: 
* Can't use WebGL in headless mode (https://bugzil.la/1375585).
JavaScript warning: https://static.xx.fbcdn.net/rsrc.php/v3iSQW4/yT/l/es_ES/bbm9U7a_GUI.js?_nc_x=Ij3Wp8lg5Kz, line 170: unreachable code after return statement
console.log: WebExtensions: reset-default-search: No addons in our list are installed.
ner	INFO	Running command: "C:\\Program Files (x86)\\Mozilla Firefox\\firefox.exe" "--marionette" "-headless" "-foreground" "-no-remote" "-profile" "C:\\Users\\omorales\\AppData\\Local\\Temp\\rust_mozprofileTS1vfv"
*** You are running in headless mode.
console.warn: SearchSettings: "get: No settings file exists, new profile?" (new Error("", "(unknown module)"))
1618434552398	Marionette	INFO	Listening on port 60955
1618434552580	Marionette	WARN	TLS certificate errors will be ignored for this session
JavaScript warning: https://static.xx.fbcdn.net/rsrc.php/v3iSQW4/yT/l/es_ES/bbm9U7a_GUI.js?_nc_x=Ij3Wp8lg5Kz, line 170: unreachable code after return statement
JavaScript warning: https://static.xx.fbcdn.net/rsrc.php/v3i2_p4/yx/l/es_ES/KbAG6ZpPPOU.js?_nc_x=Ij3Wp8lg5Kz, line 21: Failed to create WebGL context: WebGL creation failed: 
* Can't use WebGL in headless mode (https://bugzil.la/1375585).
JavaScript warning: https://static.xx.fbcdn.net/rsrc.php/v3i2_p4/yx/l/es_ES/KbAG6ZpPPOU.js?_nc_x=Ij3Wp8lg5Kz, line 21: Failed to create WebGL context: WebGL creation failed: 
* Can't use WebGL in headless mode (https://bugzil.la/1375585).
JavaScript warning: https://static.xx.fbcdn.net/rsrc.php/v3iSQW4/yT/l/es_ES/bbm9U7a_GUI.js?_nc_x=Ij3Wp8lg5Kz, line 170: unreachable code after return statement
console.log: WebExtensions: reset-default-search: No addons in our list are installed.
ner	INFO	Running command: "C:\\Program Files (x86)\\Mozilla Firefox\\firefox.exe" "--marionette" "-headless" "-foreground" "-no-remote" "-profile" "C:\\Users\\omorales\\AppData\\Local\\Temp\\rust_mozprofileHhCXNy"
*** You are running in headless mode.
console.warn: SearchSettings: "get: No settings file exists, new profile?" (new Error("", "(unknown module)"))
1618434821434	Marionette	INFO	Listening on port 61274
1618434821656	Marionette	WARN	TLS certificate errors will be ignored for this session
JavaScript warning: https://static.xx.fbcdn.net/rsrc.php/v3iSQW4/yT/l/es_ES/bbm9U7a_GUI.js?_nc_x=Ij3Wp8lg5Kz, line 170: unreachable code after return statement
JavaScript warning: https://static.xx.fbcdn.net/rsrc.php/v3i2_p4/yx/l/es_ES/KbAG6ZpPPOU.js?_nc_x=Ij3Wp8lg5Kz, line 21: Failed to create WebGL context: WebGL creation failed: 
* Can't use WebGL in headless mode (https://bugzil.la/1375585).
JavaScript warning: https://static.xx.fbcdn.net/rsrc.php/v3i2_p4/yx/l/es_ES/KbAG6ZpPPOU.js?_nc_x=Ij3Wp8lg5Kz, line 21: Failed to create WebGL context: WebGL creation failed: 
* Can't use WebGL in headless mode (https://bugzil.la/1375585).
JavaScript warning: https://static.xx.fbcdn.net/rsrc.php/v3iSQW4/yT/l/es_ES/bbm9U7a_GUI.js?_nc_x=Ij3Wp8lg5Kz, line 170: unreachable code after return statement
1618434828856	Marionette	INFO	Stopped listening on port 61274
JavaScript error: resource://gre/modules/UrlClassifierListManager.jsm, line 691: TypeError: this.tablesData[table] is undefined
JavaScript error: resource://gre/modules/Sqlite.jsm, line 1030: Error: Sqlite.jsm has been shutdown. Cannot open connection to: C:\Users\omorales\AppData\Local\Temp\rust_mozprofileHhCXNy\protections.sqlite
1618435152395	geckodriver	INFO	Listening on 127.0.0.1:61590
1618435155464	mozrunner::runner	INFO	Running command: "C:\\Program Files (x86)\\Mozilla Firefox\\firefox.exe" "--marionette" "-headless" "-foreground" "-no-remote" "-profile" "C:\\Users\\omorales\\AppData\\Local\\Temp\\rust_mozprofilelHPHWr"
*** You are running in headless mode.
console.warn: SearchSettings: "get: No settings file exists, new profile?" (new Error("", "(unknown module)"))
1618435156820	Marionette	INFO	Listening on port 61599
1618435157016	Marionette	WARN	TLS certificate errors will be ignored for this session
JavaScript warning: https://static.xx.fbcdn.net/rsrc.php/v3iSQW4/yT/l/es_ES/bbm9U7a_GUI.js?_nc_x=Ij3Wp8lg5Kz, line 170: unreachable code after return statement
JavaScript warning: https://static.xx.fbcdn.net/rsrc.php/v3i2_p4/yx/l/es_ES/KbAG6ZpPPOU.js?_nc_x=Ij3Wp8lg5Kz, line 21: Failed to create WebGL context: WebGL creation failed: 
* Can't use WebGL in headless mode (https://bugzil.la/1375585).
JavaScript warning: https://static.xx.fbcdn.net/rsrc.php/v3i2_p4/yx/l/es_ES/KbAG6ZpPPOU.js?_nc_x=Ij3Wp8lg5Kz, line 21: Failed to create WebGL context: WebGL creation failed: 
* Can't use WebGL in headless mode (https://bugzil.la/1375585).
JavaScript warning: https://static.xx.fbcdn.net/rsrc.php/v3iSQW4/yT/l/es_ES/bbm9U7a_GUI.js?_nc_x=Ij3Wp8lg5Kz, line 170: unreachable code after return statement
1618435164190	Marionette	INFO	Stopped listening on port 61599
JavaScript error: resource://gre/modules/Sqlite.jsm, line 1030: Error: Sqlite.jsm has been shutdown. Cannot open connection to: C:\Users\omorales\AppData\Local\Temp\rust_mozprofilelHPHWr\protections.sqlite
1618435193935	geckodriver	INFO	Listening on 127.0.0.1:61693
1618435196972	mozrunner::runner	INFO	Running command: "C:\\Program Files (x86)\\Mozilla Firefox\\firefox.exe" "--marionette" "-headless" "-foreground" "-no-remote" "-profile" "C:\\Users\\omorales\\AppData\\Local\\Temp\\rust_mozprofile4TYofD"
*** You are running in headless mode.
console.warn: SearchSettings: "get: No settings file exists, new profile?" (new Error("", "(unknown module)"))
1618435198308	Marionette	INFO	Listening on port 61706
1618435198505	Marionette	WARN	TLS certificate errors will be ignored for this session
JavaScript warning: https://www.facebook.com/rsrc.php/v3iSQW4/yT/l/es_ES/bbm9U7a_GUI.js?_nc_x=Ij3Wp8lg5Kz, line 170: unreachable code after return statement
JavaScript warning: https://www.facebook.com/rsrc.php/v3i2_p4/yx/l/es_ES/KbAG6ZpPPOU.js?_nc_x=Ij3Wp8lg5Kz, line 21: Failed to create WebGL context: WebGL creation failed: 
* Can't use WebGL in headless mode (https://bugzil.la/1375585).
JavaScript warning: https://www.facebook.com/rsrc.php/v3i2_p4/yx/l/es_ES/KbAG6ZpPPOU.js?_nc_x=Ij3Wp8lg5Kz, line 21: Failed to create WebGL context: WebGL creation failed: 
* Can't use WebGL in headless mode (https://bugzil.la/1375585).
JavaScript warning: https://www.facebook.com/rsrc.php/v3iSQW4/yT/l/es_ES/bbm9U7a_GUI.js?_nc_x=Ij3Wp8lg5Kz, line 170: unreachable code after return statement
1618435205723	Marionette	INFO	Stopped listening on port 61706
JavaScript error: resource://gre/modules/UrlClassifierListManager.jsm, line 691: TypeError: this.tablesData[table] is undefined
JavaScript error: resource://gre/modules/Sqlite.jsm, line 1030: Error: Sqlite.jsm has been shutdown. Cannot open connection to: C:\Users\omorales\AppData\Local\Temp\rust_mozprofile4TYofD\protections.sqlite
1618435370562	geckodriver	INFO	Listening on 127.0.0.1:61876
1618435373605	mozrunner::runner	INFO	Running command: "C:\\Program Files (x86)\\Mozilla Firefox\\firefox.exe" "--marionette" "-headless" "-foreground" "-no-remote" "-profile" "C:\\Users\\omorales\\AppData\\Local\\Temp\\rust_mozprofileQe173q"
*** You are running in headless mode.
console.warn: SearchSettings: "get: No settings file exists, new profile?" (new Error("", "(unknown module)"))
1618435374947	Marionette	INFO	Listening on port 61884
1618435375152	Marionette	WARN	TLS certificate errors will be ignored for this session
JavaScript warning: https://static.xx.fbcdn.net/rsrc.php/v3iSQW4/yT/l/es_ES/bbm9U7a_GUI.js?_nc_x=Ij3Wp8lg5Kz, line 170: unreachable code after return statement
JavaScript warning: https://static.xx.fbcdn.net/rsrc.php/v3i2_p4/yx/l/es_ES/KbAG6ZpPPOU.js?_nc_x=Ij3Wp8lg5Kz, line 21: Failed to create WebGL context: WebGL creation failed: 
* Can't use WebGL in headless mode (https://bugzil.la/1375585).
JavaScript warning: https://static.xx.fbcdn.net/rsrc.php/v3i2_p4/yx/l/es_ES/KbAG6ZpPPOU.js?_nc_x=Ij3Wp8lg5Kz, line 21: Failed to create WebGL context: WebGL creation failed: 
* Can't use WebGL in headless mode (https://bugzil.la/1375585).
JavaScript warning: https://static.xx.fbcdn.net/rsrc.php/v3iSQW4/yT/l/es_ES/bbm9U7a_GUI.js?_nc_x=Ij3Wp8lg5Kz, line 170: unreachable code after return statement
1618435383266	Marionette	INFO	Stopped listening on port 61884
JavaScript error: resource://gre/modules/Sqlite.jsm, line 1030: Error: Sqlite.jsm has been shutdown. Cannot open connection to: C:\Users\omorales\AppData\Local\Temp\rust_mozprofileQe173q\protections.sqlite
1618435477373	geckodriver	INFO	Listening on 127.0.0.1:62029
1618435480428	mozrunner::runner	INFO	Running command: "C:\\Program Files (x86)\\Mozilla Firefox\\firefox.exe" "--marionette" "-headless" "-foreground" "-no-remote" "-profile" "C:\\Users\\omorales\\AppData\\Local\\Temp\\rust_mozprofileVue0MO"
*** You are running in headless mode.
console.warn: SearchSettings: "get: No settings file exists, new profile?" (new Error("", "(unknown module)"))
1618435481865	Marionette	INFO	Listening on port 62037
1618435481981	Marionette	WARN	TLS certificate errors will be ignored for this session
JavaScript warning: https://static.xx.fbcdn.net/rsrc.php/v3iSQW4/yT/l/es_ES/bbm9U7a_GUI.js?_nc_x=Ij3Wp8lg5Kz, line 170: unreachable code after return statement
JavaScript warning: https://static.xx.fbcdn.net/rsrc.php/v3i2_p4/yx/l/es_ES/KbAG6ZpPPOU.js?_nc_x=Ij3Wp8lg5Kz, line 21: Failed to create WebGL context: WebGL creation failed: 
* Can't use WebGL in headless mode (https://bugzil.la/1375585).
JavaScript warning: https://static.xx.fbcdn.net/rsrc.php/v3i2_p4/yx/l/es_ES/KbAG6ZpPPOU.js?_nc_x=Ij3Wp8lg5Kz, line 21: Failed to create WebGL context: WebGL creation failed: 
* Can't use WebGL in headless mode (https://bugzil.la/1375585).
JavaScript warning: https://static.xx.fbcdn.net/rsrc.php/v3iSQW4/yT/l/es_ES/bbm9U7a_GUI.js?_nc_x=Ij3Wp8lg5Kz, line 170: unreachable code after return statement
1618435489898	Marionette	INFO	Stopped listening on port 62037
JavaScript error: resource://gre/modules/Sqlite.jsm, line 1030: Error: Sqlite.jsm has been shutdown. Cannot open connection to: C:\Users\omorales\AppData\Local\Temp\rust_mozprofileVue0MO\protections.sqlite
1618435578766	geckodriver	INFO	Listening on 127.0.0.1:62175
1618435581817	mozrunner::runner	INFO	Running command: "C:\\Program Files (x86)\\Mozilla Firefox\\firefox.exe" "--marionette" "-headless" "-foreground" "-no-remote" "-profile" "C:\\Users\\omorales\\AppData\\Local\\Temp\\rust_mozprofilertMTbZ"
*** You are running in headless mode.
console.warn: SearchSettings: "get: No settings file exists, new profile?" (new Error("", "(unknown module)"))
1618435583190	Marionette	INFO	Listening on port 62189
1618435583348	Marionette	WARN	TLS certificate errors will be ignored for this session
JavaScript warning: https://static.xx.fbcdn.net/rsrc.php/v3iSQW4/yT/l/es_ES/bbm9U7a_GUI.js?_nc_x=Ij3Wp8lg5Kz, line 170: unreachable code after return statement
JavaScript warning: https://static.xx.fbcdn.net/rsrc.php/v3i2_p4/yx/l/es_ES/KbAG6ZpPPOU.js?_nc_x=Ij3Wp8lg5Kz, line 21: Failed to create WebGL context: WebGL creation failed: 
* Can't use WebGL in headless mode (https://bugzil.la/1375585).
JavaScript warning: https://static.xx.fbcdn.net/rsrc.php/v3i2_p4/yx/l/es_ES/KbAG6ZpPPOU.js?_nc_x=Ij3Wp8lg5Kz, line 21: Failed to create WebGL context: WebGL creation failed: 
* Can't use WebGL in headless mode (https://bugzil.la/1375585).
JavaScript warning: https://static.xx.fbcdn.net/rsrc.php/v3iSQW4/yT/l/es_ES/bbm9U7a_GUI.js?_nc_x=Ij3Wp8lg5Kz, line 170: unreachable code after return statement
1618435592858	Marionette	INFO	Stopped listening on port 62189
JavaScript error: resource://gre/modules/Sqlite.jsm, line 1030: Error: Sqlite.jsm has been shutdown. Cannot open connection to: C:\Users\omorales\AppData\Local\Temp\rust_mozprofilertMTbZ\protections.sqlite
1618435945897	geckodriver	INFO	Listening on 127.0.0.1:62406
1618435948985	mozrunner::runner	INFO	Running command: "C:\\Program Files (x86)\\Mozilla Firefox\\firefox.exe" "--marionette" "-headless" "-foreground" "-no-remote" "-profile" "C:\\Users\\omorales\\AppData\\Local\\Temp\\rust_mozprofileKJtVQF"
*** You are running in headless mode.
console.warn: SearchSettings: "get: No settings file exists, new profile?" (new Error("", "(unknown module)"))
1618435950321	Marionette	INFO	Listening on port 62414
1618435950533	Marionette	WARN	TLS certificate errors will be ignored for this session
JavaScript warning: https://static.xx.fbcdn.net/rsrc.php/v3iSQW4/yT/l/es_ES/bbm9U7a_GUI.js?_nc_x=Ij3Wp8lg5Kz, line 170: unreachable code after return statement
JavaScript warning: https://static.xx.fbcdn.net/rsrc.php/v3i2_p4/yx/l/es_ES/KbAG6ZpPPOU.js?_nc_x=Ij3Wp8lg5Kz, line 21: Failed to create WebGL context: WebGL creation failed: 
* Can't use WebGL in headless mode (https://bugzil.la/1375585).
JavaScript warning: https://static.xx.fbcdn.net/rsrc.php/v3i2_p4/yx/l/es_ES/KbAG6ZpPPOU.js?_nc_x=Ij3Wp8lg5Kz, line 21: Failed to create WebGL context: WebGL creation failed: 
* Can't use WebGL in headless mode (https://bugzil.la/1375585).
JavaScript warning: https://static.xx.fbcdn.net/rsrc.php/v3iSQW4/yT/l/es_ES/bbm9U7a_GUI.js?_nc_x=Ij3Wp8lg5Kz, line 170: unreachable code after return statement
1618435959397	Marionette	INFO	Stopped listening on port 62414
JavaScript error: resource://gre/modules/Sqlite.jsm, line 1030: Error: Sqlite.jsm has been shutdown. Cannot open connection to: C:\Users\omorales\AppData\Local\Temp\rust_mozprofileKJtVQF\protections.sqlite
1618436277208	geckodriver	INFO	Listening on 127.0.0.1:62651
1618436280290	mozrunner::runner	INFO	Running command: "C:\\Program Files (x86)\\Mozilla Firefox\\firefox.exe" "--marionette" "-headless" "-foreground" "-no-remote" "-profile" "C:\\Users\\omorales\\AppData\\Local\\Temp\\rust_mozprofile2HujAj"
*** You are running in headless mode.
console.warn: SearchSettings: "get: No settings file exists, new profile?" (new Error("", "(unknown module)"))
1618436281592	Marionette	INFO	Listening on port 62661
1618436281822	Marionette	WARN	TLS certificate errors will be ignored for this session
JavaScript warning: https://static.xx.fbcdn.net/rsrc.php/v3iSQW4/yT/l/es_ES/bbm9U7a_GUI.js?_nc_x=Ij3Wp8lg5Kz, line 170: unreachable code after return statement
JavaScript warning: https://static.xx.fbcdn.net/rsrc.php/v3i2_p4/yx/l/es_ES/KbAG6ZpPPOU.js?_nc_x=Ij3Wp8lg5Kz, line 21: Failed to create WebGL context: WebGL creation failed: 
* Can't use WebGL in headless mode (https://bugzil.la/1375585).
JavaScript warning: https://static.xx.fbcdn.net/rsrc.php/v3i2_p4/yx/l/es_ES/KbAG6ZpPPOU.js?_nc_x=Ij3Wp8lg5Kz, line 21: Failed to create WebGL context: WebGL creation failed: 
* Can't use WebGL in headless mode (https://bugzil.la/1375585).
JavaScript warning: https://static.xx.fbcdn.net/rsrc.php/v3iSQW4/yT/l/es_ES/bbm9U7a_GUI.js?_nc_x=Ij3Wp8lg5Kz, line 170: unreachable code after return statement
1618436289628	Marionette	INFO	Stopped listening on port 62661
JavaScript error: resource://gre/modules/Sqlite.jsm, line 1030: Error: Sqlite.jsm has been shutdown. Cannot open connection to: C:\Users\omorales\AppData\Local\Temp\rust_mozprofile2HujAj\protections.sqlite
1618436623999	geckodriver	INFO	Listening on 127.0.0.1:62925
1618436627007	mozrunner::runner	INFO	Running command: "C:\\Program Files (x86)\\Mozilla Firefox\\firefox.exe" "--marionette" "-headless" "-foreground" "-no-remote" "-profile" "C:\\Users\\omorales\\AppData\\Local\\Temp\\rust_mozprofileyBedXH"
*** You are running in headless mode.
console.warn: SearchSettings: "get: No settings file exists, new profile?" (new Error("", "(unknown module)"))
1618436628440	Marionette	INFO	Listening on port 62933
1618436628539	Marionette	WARN	TLS certificate errors will be ignored for this session
JavaScript warning: https://static.xx.fbcdn.net/rsrc.php/v3iSQW4/yT/l/es_ES/bbm9U7a_GUI.js?_nc_x=Ij3Wp8lg5Kz, line 170: unreachable code after return statement
JavaScript warning: https://static.xx.fbcdn.net/rsrc.php/v3i2_p4/yx/l/es_ES/KbAG6ZpPPOU.js?_nc_x=Ij3Wp8lg5Kz, line 21: Failed to create WebGL context: WebGL creation failed: 
* Can't use WebGL in headless mode (https://bugzil.la/1375585).
JavaScript warning: https://static.xx.fbcdn.net/rsrc.php/v3i2_p4/yx/l/es_ES/KbAG6ZpPPOU.js?_nc_x=Ij3Wp8lg5Kz, line 21: Failed to create WebGL context: WebGL creation failed: 
* Can't use WebGL in headless mode (https://bugzil.la/1375585).
JavaScript warning: https://static.xx.fbcdn.net/rsrc.php/v3iSQW4/yT/l/es_ES/bbm9U7a_GUI.js?_nc_x=Ij3Wp8lg5Kz, line 170: unreachable code after return statement
1618436637150	Marionette	INFO	Stopped listening on port 62933
JavaScript error: resource://gre/modules/UrlClassifierListManager.jsm, line 691: TypeError: this.tablesData[table] is undefined
JavaScript error: resource://gre/modules/Sqlite.jsm, line 1030: Error: Sqlite.jsm has been shutdown. Cannot open connection to: C:\Users\omorales\AppData\Local\Temp\rust_mozprofileyBedXH\protections.sqlite
1618436879193	geckodriver	INFO	Listening on 127.0.0.1:63147
1618436882197	mozrunner::runner	INFO	Running command: "C:\\Program Files (x86)\\Mozilla Firefox\\firefox.exe" "--marionette" "-headless" "-foreground" "-no-remote" "-profile" "C:\\Users\\omorales\\AppData\\Local\\Temp\\rust_mozprofileqP5N95"
*** You are running in headless mode.
console.warn: SearchSettings: "get: No settings file exists, new profile?" (new Error("", "(unknown module)"))
1618436883577	Marionette	INFO	Listening on port 63156
1618436883740	Marionette	WARN	TLS certificate errors will be ignored for this session
JavaScript warning: https://static.xx.fbcdn.net/rsrc.php/v3iSQW4/yT/l/es_ES/bbm9U7a_GUI.js?_nc_x=Ij3Wp8lg5Kz, line 170: unreachable code after return statement
JavaScript warning: https://static.xx.fbcdn.net/rsrc.php/v3i2_p4/yx/l/es_ES/KbAG6ZpPPOU.js?_nc_x=Ij3Wp8lg5Kz, line 21: Failed to create WebGL context: WebGL creation failed: 
* Can't use WebGL in headless mode (https://bugzil.la/1375585).
JavaScript warning: https://static.xx.fbcdn.net/rsrc.php/v3i2_p4/yx/l/es_ES/KbAG6ZpPPOU.js?_nc_x=Ij3Wp8lg5Kz, line 21: Failed to create WebGL context: WebGL creation failed: 
* Can't use WebGL in headless mode (https://bugzil.la/1375585).
JavaScript warning: https://static.xx.fbcdn.net/rsrc.php/v3iSQW4/yT/l/es_ES/bbm9U7a_GUI.js?_nc_x=Ij3Wp8lg5Kz, line 170: unreachable code after return statement
1618436891171	Marionette	INFO	Stopped listening on port 63156
JavaScript error: resource://gre/modules/Sqlite.jsm, line 1030: Error: Sqlite.jsm has been shutdown. Cannot open connection to: C:\Users\omorales\AppData\Local\Temp\rust_mozprofileqP5N95\protections.sqlite
1618436987558	geckodriver	INFO	Listening on 127.0.0.1:63292
1618436990643	mozrunner::runner	INFO	Running command: "C:\\Program Files (x86)\\Mozilla Firefox\\firefox.exe" "--marionette" "-headless" "-foreground" "-no-remote" "-profile" "C:\\Users\\omorales\\AppData\\Local\\Temp\\rust_mozprofileTXez5y"
*** You are running in headless mode.
console.warn: SearchSettings: "get: No settings file exists, new profile?" (new Error("", "(unknown module)"))
1618436992031	Marionette	INFO	Listening on port 63302
1618436992193	Marionette	WARN	TLS certificate errors will be ignored for this session
JavaScript warning: https://static.xx.fbcdn.net/rsrc.php/v3iSQW4/yT/l/es_ES/bbm9U7a_GUI.js?_nc_x=Ij3Wp8lg5Kz, line 170: unreachable code after return statement
JavaScript warning: https://static.xx.fbcdn.net/rsrc.php/v3i2_p4/yx/l/es_ES/KbAG6ZpPPOU.js?_nc_x=Ij3Wp8lg5Kz, line 21: Failed to create WebGL context: WebGL creation failed: 
* Can't use WebGL in headless mode (https://bugzil.la/1375585).
JavaScript warning: https://static.xx.fbcdn.net/rsrc.php/v3i2_p4/yx/l/es_ES/KbAG6ZpPPOU.js?_nc_x=Ij3Wp8lg5Kz, line 21: Failed to create WebGL context: WebGL creation failed: 
* Can't use WebGL in headless mode (https://bugzil.la/1375585).
JavaScript warning: https://static.xx.fbcdn.net/rsrc.php/v3iSQW4/yT/l/es_ES/bbm9U7a_GUI.js?_nc_x=Ij3Wp8lg5Kz, line 170: unreachable code after return statement
1618436999896	Marionette	INFO	Stopped listening on port 63302
JavaScript error: resource://gre/modules/Sqlite.jsm, line 1030: Error: Sqlite.jsm has been shutdown. Cannot open connection to: C:\Users\omorales\AppData\Local\Temp\rust_mozprofileTXez5y\protections.sqlite
1618437355799	geckodriver	INFO	Listening on 127.0.0.1:63583
1618437358852	mozrunner::runner	INFO	Running command: "C:\\Program Files (x86)\\Mozilla Firefox\\firefox.exe" "--marionette" "-headless" "-foreground" "-no-remote" "-profile" "C:\\Users\\omorales\\AppData\\Local\\Temp\\rust_mozprofilecnijX7"
*** You are running in headless mode.
console.warn: SearchSettings: "get: No settings file exists, new profile?" (new Error("", "(unknown module)"))
1618437360250	Marionette	INFO	Listening on port 63592
1618437360385	Marionette	WARN	TLS certificate errors will be ignored for this session
JavaScript warning: https://static.xx.fbcdn.net/rsrc.php/v3iSQW4/yT/l/es_ES/bbm9U7a_GUI.js?_nc_x=Ij3Wp8lg5Kz, line 170: unreachable code after return statement
JavaScript warning: https://static.xx.fbcdn.net/rsrc.php/v3i2_p4/yx/l/es_ES/KbAG6ZpPPOU.js?_nc_x=Ij3Wp8lg5Kz, line 21: Failed to create WebGL context: WebGL creation failed: 
* Can't use WebGL in headless mode (https://bugzil.la/1375585).
JavaScript warning: https://static.xx.fbcdn.net/rsrc.php/v3i2_p4/yx/l/es_ES/KbAG6ZpPPOU.js?_nc_x=Ij3Wp8lg5Kz, line 21: Failed to create WebGL context: WebGL creation failed: 
* Can't use WebGL in headless mode (https://bugzil.la/1375585).
JavaScript warning: https://static.xx.fbcdn.net/rsrc.php/v3iSQW4/yT/l/es_ES/bbm9U7a_GUI.js?_nc_x=Ij3Wp8lg5Kz, line 170: unreachable code after return statement
1618437369453	Marionette	INFO	Stopped listening on port 63592
JavaScript error: resource://gre/modules/Sqlite.jsm, line 1030: Error: Sqlite.jsm has been shutdown. Cannot open connection to: C:\Users\omorales\AppData\Local\Temp\rust_mozprofilecnijX7\protections.sqlite
1618437399429	geckodriver	INFO	Listening on 127.0.0.1:63691
1618437402436	mozrunner::runner	INFO	Running command: "C:\\Program Files (x86)\\Mozilla Firefox\\firefox.exe" "--marionette" "-headless" "-foreground" "-no-remote" "-profile" "C:\\Users\\omorales\\AppData\\Local\\Temp\\rust_mozprofile8WJjnt"
*** You are running in headless mode.
console.warn: SearchSettings: "get: No settings file exists, new profile?" (new Error("", "(unknown module)"))
1618437403782	Marionette	INFO	Listening on port 63701
1618437403982	Marionette	WARN	TLS certificate errors will be ignored for this session
JavaScript warning: https://static.xx.fbcdn.net/rsrc.php/v3iSQW4/yT/l/es_ES/bbm9U7a_GUI.js?_nc_x=Ij3Wp8lg5Kz, line 170: unreachable code after return statement
JavaScript warning: https://static.xx.fbcdn.net/rsrc.php/v3i2_p4/yx/l/es_ES/KbAG6ZpPPOU.js?_nc_x=Ij3Wp8lg5Kz, line 21: Failed to create WebGL context: WebGL creation failed: 
* Can't use WebGL in headless mode (https://bugzil.la/1375585).
JavaScript warning: https://static.xx.fbcdn.net/rsrc.php/v3i2_p4/yx/l/es_ES/KbAG6ZpPPOU.js?_nc_x=Ij3Wp8lg5Kz, line 21: Failed to create WebGL context: WebGL creation failed: 
* Can't use WebGL in headless mode (https://bugzil.la/1375585).
JavaScript warning: https://static.xx.fbcdn.net/rsrc.php/v3iSQW4/yT/l/es_ES/bbm9U7a_GUI.js?_nc_x=Ij3Wp8lg5Kz, line 170: unreachable code after return statement
1618437411680	Marionette	INFO	Stopped listening on port 63701
JavaScript error: resource://gre/modules/UrlClassifierListManager.jsm, line 691: TypeError: this.tablesData[table] is undefined
JavaScript error: resource://gre/modules/Sqlite.jsm, line 1030: Error: Sqlite.jsm has been shutdown. Cannot open connection to: C:\Users\omorales\AppData\Local\Temp\rust_mozprofile8WJjnt\protections.sqlite
1618437466075	geckodriver	INFO	Listening on 127.0.0.1:63819
1618437469129	mozrunner::runner	INFO	Running command: "C:\\Program Files (x86)\\Mozilla Firefox\\firefox.exe" "--marionette" "-headless" "-foreground" "-no-remote" "-profile" "C:\\Users\\omorales\\AppData\\Local\\Temp\\rust_mozprofile8vmbtW"
*** You are running in headless mode.
console.warn: SearchSettings: "get: No settings file exists, new profile?" (new Error("", "(unknown module)"))
1618437470474	Marionette	INFO	Listening on port 63829
1618437470660	Marionette	WARN	TLS certificate errors will be ignored for this session
JavaScript warning: https://static.xx.fbcdn.net/rsrc.php/v3iSQW4/yT/l/es_ES/bbm9U7a_GUI.js?_nc_x=Ij3Wp8lg5Kz, line 170: unreachable code after return statement
JavaScript warning: https://static.xx.fbcdn.net/rsrc.php/v3i2_p4/yx/l/es_ES/KbAG6ZpPPOU.js?_nc_x=Ij3Wp8lg5Kz, line 21: Failed to create WebGL context: WebGL creation failed: 
* Can't use WebGL in headless mode (https://bugzil.la/1375585).
JavaScript warning: https://static.xx.fbcdn.net/rsrc.php/v3i2_p4/yx/l/es_ES/KbAG6ZpPPOU.js?_nc_x=Ij3Wp8lg5Kz, line 21: Failed to create WebGL context: WebGL creation failed: 
* Can't use WebGL in headless mode (https://bugzil.la/1375585).
JavaScript warning: https://static.xx.fbcdn.net/rsrc.php/v3iSQW4/yT/l/es_ES/bbm9U7a_GUI.js?_nc_x=Ij3Wp8lg5Kz, line 170: unreachable code after return statement
1618437480524	Marionette	INFO	Stopped listening on port 63829
JavaScript error: resource://gre/modules/Sqlite.jsm, line 1030: Error: Sqlite.jsm has been shutdown. Cannot open connection to: C:\Users\omorales\AppData\Local\Temp\rust_mozprofile8vmbtW\protections.sqlite
1618437612038	geckodriver	INFO	Listening on 127.0.0.1:63971
1618437615080	mozrunner::runner	INFO	Running command: "C:\\Program Files (x86)\\Mozilla Firefox\\firefox.exe" "--marionette" "-headless" "-foreground" "-no-remote" "-profile" "C:\\Users\\omorales\\AppData\\Local\\Temp\\rust_mozprofileab6mdO"
*** You are running in headless mode.
console.warn: SearchSettings: "get: No settings file exists, new profile?" (new Error("", "(unknown module)"))
1618437616395	Marionette	INFO	Listening on port 63979
1618437616643	Marionette	WARN	TLS certificate errors will be ignored for this session
JavaScript warning: https://static.xx.fbcdn.net/rsrc.php/v3iSQW4/yT/l/es_ES/bbm9U7a_GUI.js?_nc_x=Ij3Wp8lg5Kz, line 170: unreachable code after return statement
JavaScript warning: https://static.xx.fbcdn.net/rsrc.php/v3i2_p4/yx/l/es_ES/KbAG6ZpPPOU.js?_nc_x=Ij3Wp8lg5Kz, line 21: Failed to create WebGL context: WebGL creation failed: 
* Can't use WebGL in headless mode (https://bugzil.la/1375585).
JavaScript warning: https://static.xx.fbcdn.net/rsrc.php/v3i2_p4/yx/l/es_ES/KbAG6ZpPPOU.js?_nc_x=Ij3Wp8lg5Kz, line 21: Failed to create WebGL context: WebGL creation failed: 
* Can't use WebGL in headless mode (https://bugzil.la/1375585).
JavaScript warning: https://static.xx.fbcdn.net/rsrc.php/v3iSQW4/yT/l/es_ES/bbm9U7a_GUI.js?_nc_x=Ij3Wp8lg5Kz, line 170: unreachable code after return statement
1618437624825	Marionette	INFO	Stopped listening on port 63979
JavaScript error: resource://gre/modules/Sqlite.jsm, line 1030: Error: Sqlite.jsm has been shutdown. Cannot open connection to: C:\Users\omorales\AppData\Local\Temp\rust_mozprofileab6mdO\protections.sqlite
1618438028447	geckodriver	INFO	Listening on 127.0.0.1:64260
1618438031508	mozrunner::runner	INFO	Running command: "C:\\Program Files (x86)\\Mozilla Firefox\\firefox.exe" "--marionette" "-headless" "-foreground" "-no-remote" "-profile" "C:\\Users\\omorales\\AppData\\Local\\Temp\\rust_mozprofileALPGIs"
*** You are running in headless mode.
console.warn: SearchSettings: "get: No settings file exists, new profile?" (new Error("", "(unknown module)"))
1618438032818	Marionette	INFO	Listening on port 64268
1618438033058	Marionette	WARN	TLS certificate errors will be ignored for this session
JavaScript warning: https://static.xx.fbcdn.net/rsrc.php/v3iSQW4/yT/l/es_ES/bbm9U7a_GUI.js?_nc_x=Ij3Wp8lg5Kz, line 170: unreachable code after return statement
JavaScript warning: https://static.xx.fbcdn.net/rsrc.php/v3i2_p4/yx/l/es_ES/KbAG6ZpPPOU.js?_nc_x=Ij3Wp8lg5Kz, line 21: Failed to create WebGL context: WebGL creation failed: 
* Can't use WebGL in headless mode (https://bugzil.la/1375585).
JavaScript warning: https://static.xx.fbcdn.net/rsrc.php/v3i2_p4/yx/l/es_ES/KbAG6ZpPPOU.js?_nc_x=Ij3Wp8lg5Kz, line 21: Failed to create WebGL context: WebGL creation failed: 
* Can't use WebGL in headless mode (https://bugzil.la/1375585).
JavaScript warning: https://static.xx.fbcdn.net/rsrc.php/v3iSQW4/yT/l/es_ES/bbm9U7a_GUI.js?_nc_x=Ij3Wp8lg5Kz, line 170: unreachable code after return statement
1618438040932	Marionette	INFO	Stopped listening on port 64268
JavaScript error: resource://gre/modules/Sqlite.jsm, line 1030: Error: Sqlite.jsm has been shutdown. Cannot open connection to: C:\Users\omorales\AppData\Local\Temp\rust_mozprofileALPGIs\protections.sqlite

###!!! [Parent][RunMessage] Error: Channel closing: too late to send/recv, messages will be lost

1618438124286	geckodriver	INFO	Listening on 127.0.0.1:64425
1618438127348	mozrunner::runner	INFO	Running command: "C:\\Program Files (x86)\\Mozilla Firefox\\firefox.exe" "--marionette" "-headless" "-foreground" "-no-remote" "-profile" "C:\\Users\\omorales\\AppData\\Local\\Temp\\rust_mozprofileen6rtn"
*** You are running in headless mode.
console.warn: SearchSettings: "get: No settings file exists, new profile?" (new Error("", "(unknown module)"))
1618438128751	Marionette	INFO	Listening on port 64433
1618438128909	Marionette	WARN	TLS certificate errors will be ignored for this session
JavaScript warning: https://static.xx.fbcdn.net/rsrc.php/v3iSQW4/yT/l/es_ES/bbm9U7a_GUI.js?_nc_x=Ij3Wp8lg5Kz, line 170: unreachable code after return statement
JavaScript warning: https://static.xx.fbcdn.net/rsrc.php/v3i2_p4/yx/l/es_ES/KbAG6ZpPPOU.js?_nc_x=Ij3Wp8lg5Kz, line 21: Failed to create WebGL context: WebGL creation failed: 
* Can't use WebGL in headless mode (https://bugzil.la/1375585).
JavaScript warning: https://static.xx.fbcdn.net/rsrc.php/v3i2_p4/yx/l/es_ES/KbAG6ZpPPOU.js?_nc_x=Ij3Wp8lg5Kz, line 21: Failed to create WebGL context: WebGL creation failed: 
* Can't use WebGL in headless mode (https://bugzil.la/1375585).
JavaScript warning: https://static.xx.fbcdn.net/rsrc.php/v3iSQW4/yT/l/es_ES/bbm9U7a_GUI.js?_nc_x=Ij3Wp8lg5Kz, line 170: unreachable code after return statement
1618438137684	Marionette	INFO	Stopped listening on port 64433
JavaScript error: resource://gre/modules/Sqlite.jsm, line 1030: Error: Sqlite.jsm has been shutdown. Cannot open connection to: C:\Users\omorales\AppData\Local\Temp\rust_mozprofileen6rtn\protections.sqlite
1618438201876	geckodriver	INFO	Listening on 127.0.0.1:64581
1618438204953	mozrunner::runner	INFO	Running command: "C:\\Program Files (x86)\\Mozilla Firefox\\firefox.exe" "--marionette" "-headless" "-foreground" "-no-remote" "-profile" "C:\\Users\\omorales\\AppData\\Local\\Temp\\rust_mozprofileZKbto7"
*** You are running in headless mode.
console.warn: SearchSettings: "get: No settings file exists, new profile?" (new Error("", "(unknown module)"))
1618438206308	Marionette	INFO	Listening on port 64590
1618438206510	Marionette	WARN	TLS certificate errors will be ignored for this session
JavaScript warning: https://static.xx.fbcdn.net/rsrc.php/v3iSQW4/yT/l/es_ES/bbm9U7a_GUI.js?_nc_x=Ij3Wp8lg5Kz, line 170: unreachable code after return statement
JavaScript warning: https://static.xx.fbcdn.net/rsrc.php/v3i2_p4/yx/l/es_ES/KbAG6ZpPPOU.js?_nc_x=Ij3Wp8lg5Kz, line 21: Failed to create WebGL context: WebGL creation failed: 
* Can't use WebGL in headless mode (https://bugzil.la/1375585).
JavaScript warning: https://static.xx.fbcdn.net/rsrc.php/v3i2_p4/yx/l/es_ES/KbAG6ZpPPOU.js?_nc_x=Ij3Wp8lg5Kz, line 21: Failed to create WebGL context: WebGL creation failed: 
* Can't use WebGL in headless mode (https://bugzil.la/1375585).
JavaScript warning: https://static.xx.fbcdn.net/rsrc.php/v3iSQW4/yT/l/es_ES/bbm9U7a_GUI.js?_nc_x=Ij3Wp8lg5Kz, line 170: unreachable code after return statement
1618438216006	Marionette	INFO	Stopped listening on port 64590
JavaScript error: resource://gre/modules/Sqlite.jsm, line 1030: Error: Sqlite.jsm has been shutdown. Cannot open connection to: C:\Users\omorales\AppData\Local\Temp\rust_mozprofileZKbto7\protections.sqlite
1618438328646	geckodriver	INFO	Listening on 127.0.0.1:64739
1618438331722	mozrunner::runner	INFO	Running command: "C:\\Program Files (x86)\\Mozilla Firefox\\firefox.exe" "--marionette" "-headless" "-foreground" "-no-remote" "-profile" "C:\\Users\\omorales\\AppData\\Local\\Temp\\rust_mozprofilewRQXAw"
*** You are running in headless mode.
console.warn: SearchSettings: "get: No settings file exists, new profile?" (new Error("", "(unknown module)"))
1618438333118	Marionette	INFO	Listening on port 64747
1618438333256	Marionette	WARN	TLS certificate errors will be ignored for this session
JavaScript warning: https://static.xx.fbcdn.net/rsrc.php/v3iSQW4/yT/l/es_ES/bbm9U7a_GUI.js?_nc_x=Ij3Wp8lg5Kz, line 170: unreachable code after return statement
JavaScript warning: https://static.xx.fbcdn.net/rsrc.php/v3i2_p4/yx/l/es_ES/KbAG6ZpPPOU.js?_nc_x=Ij3Wp8lg5Kz, line 21: Failed to create WebGL context: WebGL creation failed: 
* Can't use WebGL in headless mode (https://bugzil.la/1375585).
JavaScript warning: https://static.xx.fbcdn.net/rsrc.php/v3i2_p4/yx/l/es_ES/KbAG6ZpPPOU.js?_nc_x=Ij3Wp8lg5Kz, line 21: Failed to create WebGL context: WebGL creation failed: 
* Can't use WebGL in headless mode (https://bugzil.la/1375585).
JavaScript warning: https://static.xx.fbcdn.net/rsrc.php/v3iSQW4/yT/l/es_ES/bbm9U7a_GUI.js?_nc_x=Ij3Wp8lg5Kz, line 170: unreachable code after return statement
1618438343007	Marionette	INFO	Stopped listening on port 64747
JavaScript error: resource://gre/modules/Sqlite.jsm, line 1030: Error: Sqlite.jsm has been shutdown. Cannot open connection to: C:\Users\omorales\AppData\Local\Temp\rust_mozprofilewRQXAw\protections.sqlite
1618438380119	geckodriver	INFO	Listening on 127.0.0.1:64879
1618438383170	mozrunner::runner	INFO	Running command: "C:\\Program Files (x86)\\Mozilla Firefox\\firefox.exe" "--marionette" "-headless" "-foreground" "-no-remote" "-profile" "C:\\Users\\omorales\\AppData\\Local\\Temp\\rust_mozprofileatTvMs"
*** You are running in headless mode.
console.warn: SearchSettings: "get: No settings file exists, new profile?" (new Error("", "(unknown module)"))
1618438384572	Marionette	INFO	Listening on port 64888
1618438384722	Marionette	WARN	TLS certificate errors will be ignored for this session
JavaScript warning: https://static.xx.fbcdn.net/rsrc.php/v3iSQW4/yT/l/es_ES/bbm9U7a_GUI.js?_nc_x=Ij3Wp8lg5Kz, line 170: unreachable code after return statement
JavaScript warning: https://static.xx.fbcdn.net/rsrc.php/v3i2_p4/yx/l/es_ES/KbAG6ZpPPOU.js?_nc_x=Ij3Wp8lg5Kz, line 21: Failed to create WebGL context: WebGL creation failed: 
* Can't use WebGL in headless mode (https://bugzil.la/1375585).
JavaScript warning: https://static.xx.fbcdn.net/rsrc.php/v3i2_p4/yx/l/es_ES/KbAG6ZpPPOU.js?_nc_x=Ij3Wp8lg5Kz, line 21: Failed to create WebGL context: WebGL creation failed: 
* Can't use WebGL in headless mode (https://bugzil.la/1375585).
JavaScript warning: https://static.xx.fbcdn.net/rsrc.php/v3iSQW4/yT/l/es_ES/bbm9U7a_GUI.js?_nc_x=Ij3Wp8lg5Kz, line 170: unreachable code after return statement
1618438394545	Marionette	INFO	Stopped listening on port 64888
[Parent 3856, IPC I/O Parent] WARNING: file /builds/worker/checkouts/gecko/ipc/chromium/src/base/process_util_win.cc:167
JavaScript error: resource://gre/modules/Sqlite.jsm, line 1030: Error: Sqlite.jsm has been shutdown. Cannot open connection to: C:\Users\omorales\AppData\Local\Temp\rust_mozprofileatTvMs\protections.sqlite
1618438411419	geckodriver	INFO	Listening on 127.0.0.1:64997
1618438414490	mozrunner::runner	INFO	Running command: "C:\\Program Files (x86)\\Mozilla Firefox\\firefox.exe" "--marionette" "-headless" "-foreground" "-no-remote" "-profile" "C:\\Users\\omorales\\AppData\\Local\\Temp\\rust_mozprofile4SgZT0"
*** You are running in headless mode.
console.warn: SearchSettings: "get: No settings file exists, new profile?" (new Error("", "(unknown module)"))
1618438415837	Marionette	INFO	Listening on port 65007
1618438416044	Marionette	WARN	TLS certificate errors will be ignored for this session
JavaScript warning: https://static.xx.fbcdn.net/rsrc.php/v3iSQW4/yT/l/es_ES/bbm9U7a_GUI.js?_nc_x=Ij3Wp8lg5Kz, line 170: unreachable code after return statement
JavaScript warning: https://static.xx.fbcdn.net/rsrc.php/v3i2_p4/yx/l/es_ES/KbAG6ZpPPOU.js?_nc_x=Ij3Wp8lg5Kz, line 21: Failed to create WebGL context: WebGL creation failed: 
* Can't use WebGL in headless mode (https://bugzil.la/1375585).
JavaScript warning: https://static.xx.fbcdn.net/rsrc.php/v3i2_p4/yx/l/es_ES/KbAG6ZpPPOU.js?_nc_x=Ij3Wp8lg5Kz, line 21: Failed to create WebGL context: WebGL creation failed: 
* Can't use WebGL in headless mode (https://bugzil.la/1375585).
JavaScript warning: https://static.xx.fbcdn.net/rsrc.php/v3iSQW4/yT/l/es_ES/bbm9U7a_GUI.js?_nc_x=Ij3Wp8lg5Kz, line 170: unreachable code after return statement
1618438424814	Marionette	INFO	Stopped listening on port 65007
JavaScript error: resource://gre/modules/Sqlite.jsm, line 1030: Error: Sqlite.jsm has been shutdown. Cannot open connection to: C:\Users\omorales\AppData\Local\Temp\rust_mozprofile4SgZT0\protections.sqlite
1618438548102	geckodriver	INFO	Listening on 127.0.0.1:65193
1618438551166	mozrunner::runner	INFO	Running command: "C:\\Program Files (x86)\\Mozilla Firefox\\firefox.exe" "--marionette" "-headless" "-foreground" "-no-remote" "-profile" "C:\\Users\\omorales\\AppData\\Local\\Temp\\rust_mozprofilekwFrGe"
*** You are running in headless mode.
console.warn: SearchSettings: "get: No settings file exists, new profile?" (new Error("", "(unknown module)"))
1618438552556	Marionette	INFO	Listening on port 65201
1618438552717	Marionette	WARN	TLS certificate errors will be ignored for this session
JavaScript warning: https://static.xx.fbcdn.net/rsrc.php/v3iSQW4/yT/l/es_ES/bbm9U7a_GUI.js?_nc_x=Ij3Wp8lg5Kz, line 170: unreachable code after return statement
JavaScript warning: https://static.xx.fbcdn.net/rsrc.php/v3i2_p4/yx/l/es_ES/KbAG6ZpPPOU.js?_nc_x=Ij3Wp8lg5Kz, line 21: Failed to create WebGL context: WebGL creation failed: 
* Can't use WebGL in headless mode (https://bugzil.la/1375585).
JavaScript warning: https://static.xx.fbcdn.net/rsrc.php/v3i2_p4/yx/l/es_ES/KbAG6ZpPPOU.js?_nc_x=Ij3Wp8lg5Kz, line 21: Failed to create WebGL context: WebGL creation failed: 
* Can't use WebGL in headless mode (https://bugzil.la/1375585).
JavaScript warning: https://static.xx.fbcdn.net/rsrc.php/v3iSQW4/yT/l/es_ES/bbm9U7a_GUI.js?_nc_x=Ij3Wp8lg5Kz, line 170: unreachable code after return statement
1618438561354	Marionette	INFO	Stopped listening on port 65201
JavaScript error: resource://gre/modules/Sqlite.jsm, line 1030: Error: Sqlite.jsm has been shutdown. Cannot open connection to: C:\Users\omorales\AppData\Local\Temp\rust_mozprofilekwFrGe\protections.sqlite

###!!! [Parent][RunMessage] Error: Channel closing: too late to send/recv, messages will be lost

1618438602405	geckodriver	INFO	Listening on 127.0.0.1:65326
1618438605480	mozrunner::runner	INFO	Running command: "C:\\Program Files (x86)\\Mozilla Firefox\\firefox.exe" "--marionette" "-headless" "-foreground" "-no-remote" "-profile" "C:\\Users\\omorales\\AppData\\Local\\Temp\\rust_mozprofile4CYtpf"
*** You are running in headless mode.
console.warn: SearchSettings: "get: No settings file exists, new profile?" (new Error("", "(unknown module)"))
1618438606933	Marionette	INFO	Listening on port 65334
1618438607026	Marionette	WARN	TLS certificate errors will be ignored for this session
JavaScript warning: https://static.xx.fbcdn.net/rsrc.php/v3iSQW4/yT/l/es_ES/bbm9U7a_GUI.js?_nc_x=Ij3Wp8lg5Kz, line 170: unreachable code after return statement
JavaScript warning: https://static.xx.fbcdn.net/rsrc.php/v3i2_p4/yx/l/es_ES/KbAG6ZpPPOU.js?_nc_x=Ij3Wp8lg5Kz, line 21: Failed to create WebGL context: WebGL creation failed: 
* Can't use WebGL in headless mode (https://bugzil.la/1375585).
JavaScript warning: https://static.xx.fbcdn.net/rsrc.php/v3i2_p4/yx/l/es_ES/KbAG6ZpPPOU.js?_nc_x=Ij3Wp8lg5Kz, line 21: Failed to create WebGL context: WebGL creation failed: 
* Can't use WebGL in headless mode (https://bugzil.la/1375585).
JavaScript warning: https://static.xx.fbcdn.net/rsrc.php/v3iSQW4/yT/l/es_ES/bbm9U7a_GUI.js?_nc_x=Ij3Wp8lg5Kz, line 170: unreachable code after return statement
1618438615931	Marionette	INFO	Stopped listening on port 65334
JavaScript error: resource://gre/modules/Sqlite.jsm, line 1030: Error: Sqlite.jsm has been shutdown. Cannot open connection to: C:\Users\omorales\AppData\Local\Temp\rust_mozprofile4CYtpf\protections.sqlite
1618438643761	geckodriver	INFO	Listening on 127.0.0.1:65483
1618438646836	mozrunner::runner	INFO	Running command: "C:\\Program Files (x86)\\Mozilla Firefox\\firefox.exe" "--marionette" "-headless" "-foreground" "-no-remote" "-profile" "C:\\Users\\omorales\\AppData\\Local\\Temp\\rust_mozprofilee76WH6"
*** You are running in headless mode.
console.warn: SearchSettings: "get: No settings file exists, new profile?" (new Error("", "(unknown module)"))
1618438648246	Marionette	INFO	Listening on port 65491
1618438648379	Marionette	WARN	TLS certificate errors will be ignored for this session
JavaScript warning: https://static.xx.fbcdn.net/rsrc.php/v3iSQW4/yT/l/es_ES/bbm9U7a_GUI.js?_nc_x=Ij3Wp8lg5Kz, line 170: unreachable code after return statement
JavaScript warning: https://static.xx.fbcdn.net/rsrc.php/v3i2_p4/yx/l/es_ES/KbAG6ZpPPOU.js?_nc_x=Ij3Wp8lg5Kz, line 21: Failed to create WebGL context: WebGL creation failed: 
* Can't use WebGL in headless mode (https://bugzil.la/1375585).
JavaScript warning: https://static.xx.fbcdn.net/rsrc.php/v3i2_p4/yx/l/es_ES/KbAG6ZpPPOU.js?_nc_x=Ij3Wp8lg5Kz, line 21: Failed to create WebGL context: WebGL creation failed: 
* Can't use WebGL in headless mode (https://bugzil.la/1375585).
JavaScript warning: https://static.xx.fbcdn.net/rsrc.php/v3iSQW4/yT/l/es_ES/bbm9U7a_GUI.js?_nc_x=Ij3Wp8lg5Kz, line 170: unreachable code after return statement
1618438659073	Marionette	INFO	Stopped listening on port 65491
JavaScript error: resource://gre/modules/Sqlite.jsm, line 1030: Error: Sqlite.jsm has been shutdown. Cannot open connection to: C:\Users\omorales\AppData\Local\Temp\rust_mozprofilee76WH6\protections.sqlite
1618438755118	geckodriver	INFO	Listening on 127.0.0.1:49302
1618438758184	mozrunner::runner	INFO	Running command: "C:\\Program Files (x86)\\Mozilla Firefox\\firefox.exe" "--marionette" "-headless" "-foreground" "-no-remote" "-profile" "C:\\Users\\omorales\\AppData\\Local\\Temp\\rust_mozprofilexL37uG"
*** You are running in headless mode.
console.warn: SearchSettings: "get: No settings file exists, new profile?" (new Error("", "(unknown module)"))
1618438759513	Marionette	INFO	Listening on port 49313
1618438759735	Marionette	WARN	TLS certificate errors will be ignored for this session
JavaScript warning: https://static.xx.fbcdn.net/rsrc.php/v3iSQW4/yT/l/es_ES/bbm9U7a_GUI.js?_nc_x=Ij3Wp8lg5Kz, line 170: unreachable code after return statement
JavaScript warning: https://static.xx.fbcdn.net/rsrc.php/v3i2_p4/yx/l/es_ES/KbAG6ZpPPOU.js?_nc_x=Ij3Wp8lg5Kz, line 21: Failed to create WebGL context: WebGL creation failed: 
* Can't use WebGL in headless mode (https://bugzil.la/1375585).
JavaScript warning: https://static.xx.fbcdn.net/rsrc.php/v3i2_p4/yx/l/es_ES/KbAG6ZpPPOU.js?_nc_x=Ij3Wp8lg5Kz, line 21: Failed to create WebGL context: WebGL creation failed: 
* Can't use WebGL in headless mode (https://bugzil.la/1375585).
JavaScript warning: https://static.xx.fbcdn.net/rsrc.php/v3iSQW4/yT/l/es_ES/bbm9U7a_GUI.js?_nc_x=Ij3Wp8lg5Kz, line 170: unreachable code after return statement
1618438768846	Marionette	INFO	Stopped listening on port 49313
JavaScript error: resource://gre/modules/Sqlite.jsm, line 1030: Error: Sqlite.jsm has been shutdown. Cannot open connection to: C:\Users\omorales\AppData\Local\Temp\rust_mozprofilexL37uG\protections.sqlite
1618438828415	geckodriver	INFO	Listening on 127.0.0.1:49471
1618438831475	mozrunner::runner	INFO	Running command: "C:\\Program Files (x86)\\Mozilla Firefox\\firefox.exe" "--marionette" "-headless" "-foreground" "-no-remote" "-profile" "C:\\Users\\omorales\\AppData\\Local\\Temp\\rust_mozprofileydVDff"
*** You are running in headless mode.
console.warn: SearchSettings: "get: No settings file exists, new profile?" (new Error("", "(unknown module)"))
1618438832959	Marionette	INFO	Listening on port 49479
1618438833005	Marionette	WARN	TLS certificate errors will be ignored for this session
JavaScript warning: https://static.xx.fbcdn.net/rsrc.php/v3iSQW4/yT/l/es_ES/bbm9U7a_GUI.js?_nc_x=Ij3Wp8lg5Kz, line 170: unreachable code after return statement
JavaScript warning: https://static.xx.fbcdn.net/rsrc.php/v3i2_p4/yx/l/es_ES/KbAG6ZpPPOU.js?_nc_x=Ij3Wp8lg5Kz, line 21: Failed to create WebGL context: WebGL creation failed: 
* Can't use WebGL in headless mode (https://bugzil.la/1375585).
JavaScript warning: https://static.xx.fbcdn.net/rsrc.php/v3i2_p4/yx/l/es_ES/KbAG6ZpPPOU.js?_nc_x=Ij3Wp8lg5Kz, line 21: Failed to create WebGL context: WebGL creation failed: 
* Can't use WebGL in headless mode (https://bugzil.la/1375585).
JavaScript warning: https://static.xx.fbcdn.net/rsrc.php/v3iSQW4/yT/l/es_ES/bbm9U7a_GUI.js?_nc_x=Ij3Wp8lg5Kz, line 170: unreachable code after return statement
1618438842171	Marionette	INFO	Stopped listening on port 49479
JavaScript error: resource://gre/modules/Sqlite.jsm, line 1030: Error: Sqlite.jsm has been shutdown. Cannot open connection to: C:\Users\omorales\AppData\Local\Temp\rust_mozprofileydVDff\protections.sqlite
1618438877848	geckodriver	INFO	Listening on 127.0.0.1:49641
1618438880920	mozrunner::runner	INFO	Running command: "C:\\Program Files (x86)\\Mozilla Firefox\\firefox.exe" "--marionette" "-headless" "-foreground" "-no-remote" "-profile" "C:\\Users\\omorales\\AppData\\Local\\Temp\\rust_mozprofile5a3Iq6"
*** You are running in headless mode.
console.warn: SearchSettings: "get: No settings file exists, new profile?" (new Error("", "(unknown module)"))
1618438882391	Marionette	INFO	Listening on port 49650
1618438882470	Marionette	WARN	TLS certificate errors will be ignored for this session
JavaScript warning: https://static.xx.fbcdn.net/rsrc.php/v3iSQW4/yT/l/es_ES/bbm9U7a_GUI.js?_nc_x=Ij3Wp8lg5Kz, line 170: unreachable code after return statement
JavaScript warning: https://static.xx.fbcdn.net/rsrc.php/v3i2_p4/yx/l/es_ES/KbAG6ZpPPOU.js?_nc_x=Ij3Wp8lg5Kz, line 21: Failed to create WebGL context: WebGL creation failed: 
* Can't use WebGL in headless mode (https://bugzil.la/1375585).
JavaScript warning: https://static.xx.fbcdn.net/rsrc.php/v3i2_p4/yx/l/es_ES/KbAG6ZpPPOU.js?_nc_x=Ij3Wp8lg5Kz, line 21: Failed to create WebGL context: WebGL creation failed: 
* Can't use WebGL in headless mode (https://bugzil.la/1375585).
JavaScript warning: https://static.xx.fbcdn.net/rsrc.php/v3iSQW4/yT/l/es_ES/bbm9U7a_GUI.js?_nc_x=Ij3Wp8lg5Kz, line 170: unreachable code after return statement
1618438891019	Marionette	INFO	Stopped listening on port 49650
JavaScript error: resource://gre/modules/Sqlite.jsm, line 1030: Error: Sqlite.jsm has been shutdown. Cannot open connection to: C:\Users\omorales\AppData\Local\Temp\rust_mozprofile5a3Iq6\protections.sqlite
1618440601690	geckodriver	INFO	Listening on 127.0.0.1:50524
1618440604747	mozrunner::runner	INFO	Running command: "C:\\Program Files (x86)\\Mozilla Firefox\\firefox.exe" "--marionette" "-headless" "-foreground" "-no-remote" "-profile" "C:\\Users\\omorales\\AppData\\Local\\Temp\\rust_mozprofile2ScSJP"
*** You are running in headless mode.
console.warn: SearchSettings: "get: No settings file exists, new profile?" (new Error("", "(unknown module)"))
1618440606054	Marionette	INFO	Listening on port 50532
1618440606279	Marionette	WARN	TLS certificate errors will be ignored for this session
JavaScript warning: https://static.xx.fbcdn.net/rsrc.php/v3iSQW4/yT/l/es_ES/bbm9U7a_GUI.js?_nc_x=Ij3Wp8lg5Kz, line 170: unreachable code after return statement
JavaScript warning: https://static.xx.fbcdn.net/rsrc.php/v3i2_p4/yx/l/es_ES/KbAG6ZpPPOU.js?_nc_x=Ij3Wp8lg5Kz, line 21: Failed to create WebGL context: WebGL creation failed: 
* Can't use WebGL in headless mode (https://bugzil.la/1375585).
JavaScript warning: https://static.xx.fbcdn.net/rsrc.php/v3i2_p4/yx/l/es_ES/KbAG6ZpPPOU.js?_nc_x=Ij3Wp8lg5Kz, line 21: Failed to create WebGL context: WebGL creation failed: 
* Can't use WebGL in headless mode (https://bugzil.la/1375585).
JavaScript warning: https://static.xx.fbcdn.net/rsrc.php/v3iSQW4/yT/l/es_ES/bbm9U7a_GUI.js?_nc_x=Ij3Wp8lg5Kz, line 170: unreachable code after return statement
1618440614779	Marionette	INFO	Stopped listening on port 50532
JavaScript error: resource://gre/modules/Sqlite.jsm, line 1030: Error: Sqlite.jsm has been shutdown. Cannot open connection to: C:\Users\omorales\AppData\Local\Temp\rust_mozprofile2ScSJP\protections.sqlite

###!!! [Child][RunMessage] Error: Channel closing: too late to send/recv, messages will be lost

1618448214030	geckodriver	INFO	Listening on 127.0.0.1:54278
1618448217052	mozrunner::runner	INFO	Running command: "C:\\Program Files (x86)\\Mozilla Firefox\\firefox.exe" "--marionette" "-headless" "-foreground" "-no-remote" "-profile" "C:\\Users\\omorales\\AppData\\Local\\Temp\\rust_mozprofileWoPp7D"
*** You are running in headless mode.
console.warn: SearchSettings: "get: No settings file exists, new profile?" (new Error("", "(unknown module)"))
1618448218399	Marionette	INFO	Listening on port 54291
1618448218590	Marionette	WARN	TLS certificate errors will be ignored for this session
JavaScript warning: https://static.xx.fbcdn.net/rsrc.php/v3iSQW4/yT/l/es_ES/bbm9U7a_GUI.js?_nc_x=Ij3Wp8lg5Kz, line 170: unreachable code after return statement
JavaScript warning: https://static.xx.fbcdn.net/rsrc.php/v3i2_p4/yx/l/es_ES/KbAG6ZpPPOU.js?_nc_x=Ij3Wp8lg5Kz, line 21: Failed to create WebGL context: WebGL creation failed: 
* Can't use WebGL in headless mode (https://bugzil.la/1375585).
JavaScript warning: https://static.xx.fbcdn.net/rsrc.php/v3i2_p4/yx/l/es_ES/KbAG6ZpPPOU.js?_nc_x=Ij3Wp8lg5Kz, line 21: Failed to create WebGL context: WebGL creation failed: 
* Can't use WebGL in headless mode (https://bugzil.la/1375585).
JavaScript warning: https://static.xx.fbcdn.net/rsrc.php/v3iSQW4/yT/l/es_ES/bbm9U7a_GUI.js?_nc_x=Ij3Wp8lg5Kz, line 170: unreachable code after return statement
1618448226893	Marionette	INFO	Stopped listening on port 54291
JavaScript error: resource://gre/modules/Sqlite.jsm, line 1030: Error: Sqlite.jsm has been shutdown. Cannot open connection to: C:\Users\omorales\AppData\Local\Temp\rust_mozprofileWoPp7D\protections.sqlite
1618448650025	geckodriver	INFO	Listening on 127.0.0.1:54565
1618448653048	mozrunner::runner	INFO	Running command: "C:\\Program Files (x86)\\Mozilla Firefox\\firefox.exe" "--marionette" "-headless" "-foreground" "-no-remote" "-profile" "C:\\Users\\omorales\\AppData\\Local\\Temp\\rust_mozprofile6HkP5a"
*** You are running in headless mode.
console.warn: SearchSettings: "get: No settings file exists, new profile?" (new Error("", "(unknown module)"))
1618448654448	Marionette	INFO	Listening on port 54574
1618448654579	Marionette	WARN	TLS certificate errors will be ignored for this session
JavaScript warning: https://static.xx.fbcdn.net/rsrc.php/v3iSQW4/yT/l/es_ES/bbm9U7a_GUI.js?_nc_x=Ij3Wp8lg5Kz, line 170: unreachable code after return statement
JavaScript warning: https://static.xx.fbcdn.net/rsrc.php/v3i2_p4/yx/l/es_ES/KbAG6ZpPPOU.js?_nc_x=Ij3Wp8lg5Kz, line 21: Failed to create WebGL context: WebGL creation failed: 
* Can't use WebGL in headless mode (https://bugzil.la/1375585).
JavaScript warning: https://static.xx.fbcdn.net/rsrc.php/v3i2_p4/yx/l/es_ES/KbAG6ZpPPOU.js?_nc_x=Ij3Wp8lg5Kz, line 21: Failed to create WebGL context: WebGL creation failed: 
* Can't use WebGL in headless mode (https://bugzil.la/1375585).
JavaScript warning: https://static.xx.fbcdn.net/rsrc.php/v3iSQW4/yT/l/es_ES/bbm9U7a_GUI.js?_nc_x=Ij3Wp8lg5Kz, line 170: unreachable code after return statement
1618448662186	Marionette	INFO	Stopped listening on port 54574
JavaScript error: resource://gre/modules/Sqlite.jsm, line 1030: Error: Sqlite.jsm has been shutdown. Cannot open connection to: C:\Users\omorales\AppData\Local\Temp\rust_mozprofile6HkP5a\protections.sqlite
1618448673609	geckodriver	INFO	Listening on 127.0.0.1:54661
1618448676629	mozrunner::runner	INFO	Running command: "C:\\Program Files (x86)\\Mozilla Firefox\\firefox.exe" "--marionette" "-headless" "-foreground" "-no-remote" "-profile" "C:\\Users\\omorales\\AppData\\Local\\Temp\\rust_mozprofile4zttms"
*** You are running in headless mode.
console.warn: SearchSettings: "get: No settings file exists, new profile?" (new Error("", "(unknown module)"))
1618448677911	Marionette	INFO	Listening on port 54670
1618448678161	Marionette	WARN	TLS certificate errors will be ignored for this session
JavaScript warning: https://static.xx.fbcdn.net/rsrc.php/v3iSQW4/yT/l/es_ES/bbm9U7a_GUI.js?_nc_x=Ij3Wp8lg5Kz, line 170: unreachable code after return statement
JavaScript warning: https://static.xx.fbcdn.net/rsrc.php/v3i2_p4/yx/l/es_ES/KbAG6ZpPPOU.js?_nc_x=Ij3Wp8lg5Kz, line 21: Failed to create WebGL context: WebGL creation failed: 
* Can't use WebGL in headless mode (https://bugzil.la/1375585).
JavaScript warning: https://static.xx.fbcdn.net/rsrc.php/v3i2_p4/yx/l/es_ES/KbAG6ZpPPOU.js?_nc_x=Ij3Wp8lg5Kz, line 21: Failed to create WebGL context: WebGL creation failed: 
* Can't use WebGL in headless mode (https://bugzil.la/1375585).
JavaScript warning: https://static.xx.fbcdn.net/rsrc.php/v3iSQW4/yT/l/es_ES/bbm9U7a_GUI.js?_nc_x=Ij3Wp8lg5Kz, line 170: unreachable code after return statement
1618448687313	Marionette	INFO	Stopped listening on port 54670
JavaScript error: resource://gre/modules/Sqlite.jsm, line 1030: Error: Sqlite.jsm has been shutdown. Cannot open connection to: C:\Users\omorales\AppData\Local\Temp\rust_mozprofile4zttms\protections.sqlite
